[2023-07-28 21:51:17,061] {taskinstance.py:1179} INFO - Dependencies all met for <TaskInstance: dag_con_conexion_postgres.obtener_datos scheduled__2023-07-24T00:00:00+00:00 [queued]>
[2023-07-28 21:51:17,268] {taskinstance.py:1179} INFO - Dependencies all met for <TaskInstance: dag_con_conexion_postgres.obtener_datos scheduled__2023-07-24T00:00:00+00:00 [queued]>
[2023-07-28 21:51:17,270] {taskinstance.py:1376} INFO - 
--------------------------------------------------------------------------------
[2023-07-28 21:51:17,274] {taskinstance.py:1377} INFO - Starting attempt 1 of 2
[2023-07-28 21:51:17,278] {taskinstance.py:1378} INFO - 
--------------------------------------------------------------------------------
[2023-07-28 21:51:17,448] {taskinstance.py:1397} INFO - Executing <Task(PythonOperator): obtener_datos> on 2023-07-24 00:00:00+00:00
[2023-07-28 21:51:17,492] {standard_task_runner.py:52} INFO - Started process 224 to run task
[2023-07-28 21:51:17,593] {standard_task_runner.py:79} INFO - Running: ['***', 'tasks', 'run', 'dag_con_conexion_postgres', 'obtener_datos', 'scheduled__2023-07-24T00:00:00+00:00', '--job-id', '232', '--raw', '--subdir', 'DAGS_FOLDER/dag_etl_paises.py', '--cfg-path', '/tmp/tmpi9cqj5fp', '--error-file', '/tmp/tmpkq7bff29']
[2023-07-28 21:51:17,620] {standard_task_runner.py:80} INFO - Job 232: Subtask obtener_datos
[2023-07-28 21:51:18,486] {task_command.py:371} INFO - Running <TaskInstance: dag_con_conexion_postgres.obtener_datos scheduled__2023-07-24T00:00:00+00:00 [running]> on host ed56ff05d916
[2023-07-28 21:51:20,044] {taskinstance.py:1591} INFO - Exporting the following env vars:
AIRFLOW_CTX_DAG_OWNER=Belenpintor
AIRFLOW_CTX_DAG_ID=dag_con_conexion_postgres
AIRFLOW_CTX_TASK_ID=obtener_datos
AIRFLOW_CTX_EXECUTION_DATE=2023-07-24T00:00:00+00:00
AIRFLOW_CTX_TRY_NUMBER=1
AIRFLOW_CTX_DAG_RUN_ID=scheduled__2023-07-24T00:00:00+00:00
[2023-07-28 21:53:39,482] {local_task_job.py:84} ERROR - Received SIGTERM. Terminating subprocesses
[2023-07-28 21:53:43,103] {process_utils.py:129} INFO - Sending Signals.SIGTERM to group 224. PIDs of all processes in the group: [224]
[2023-07-28 21:53:43,208] {process_utils.py:80} INFO - Sending the signal Signals.SIGTERM to group 224
[2023-07-28 21:53:47,266] {taskinstance.py:1561} ERROR - Received SIGTERM. Terminating subprocesses.
