[2023-07-27 00:52:59,566] {taskinstance.py:1179} INFO - Dependencies all met for <TaskInstance: dag_con_conexion_postgres.transformar_datos manual__2023-07-27T00:51:04.753856+00:00 [queued]>
[2023-07-27 00:52:59,583] {taskinstance.py:1179} INFO - Dependencies all met for <TaskInstance: dag_con_conexion_postgres.transformar_datos manual__2023-07-27T00:51:04.753856+00:00 [queued]>
[2023-07-27 00:52:59,585] {taskinstance.py:1376} INFO - 
--------------------------------------------------------------------------------
[2023-07-27 00:52:59,587] {taskinstance.py:1377} INFO - Starting attempt 1 of 1
[2023-07-27 00:52:59,589] {taskinstance.py:1378} INFO - 
--------------------------------------------------------------------------------
[2023-07-27 00:52:59,618] {taskinstance.py:1397} INFO - Executing <Task(PythonOperator): transformar_datos> on 2023-07-27 00:51:04.753856+00:00
[2023-07-27 00:52:59,627] {standard_task_runner.py:52} INFO - Started process 6799 to run task
[2023-07-27 00:52:59,638] {standard_task_runner.py:79} INFO - Running: ['***', 'tasks', 'run', 'dag_con_conexion_postgres', 'transformar_datos', 'manual__2023-07-27T00:51:04.753856+00:00', '--job-id', '163', '--raw', '--subdir', 'DAGS_FOLDER/dag_etl_paises.py', '--cfg-path', '/tmp/tmp093wqswm', '--error-file', '/tmp/tmp3kiqld0h']
[2023-07-27 00:52:59,642] {standard_task_runner.py:80} INFO - Job 163: Subtask transformar_datos
[2023-07-27 00:52:59,768] {task_command.py:371} INFO - Running <TaskInstance: dag_con_conexion_postgres.transformar_datos manual__2023-07-27T00:51:04.753856+00:00 [running]> on host 484a5a9deba0
[2023-07-27 00:53:00,098] {taskinstance.py:1591} INFO - Exporting the following env vars:
AIRFLOW_CTX_DAG_OWNER=Belenpintor
AIRFLOW_CTX_DAG_ID=dag_con_conexion_postgres
AIRFLOW_CTX_TASK_ID=transformar_datos
AIRFLOW_CTX_EXECUTION_DATE=2023-07-27T00:51:04.753856+00:00
AIRFLOW_CTX_TRY_NUMBER=1
AIRFLOW_CTX_DAG_RUN_ID=manual__2023-07-27T00:51:04.753856+00:00
[2023-07-27 00:53:00,255] {logging_mixin.py:115} INFO - asi el dataframe nombre         Business Freedom  ...               process_date
ciudad_nombre                    ...                           
Aarhus                 9.940000  ... 2023-07-27 00:53:00.195364
Adelaide               9.399667  ... 2023-07-27 00:53:00.195364
Albuquerque            8.671000  ... 2023-07-27 00:53:00.195364
Almaty                 5.568000  ... 2023-07-27 00:53:00.195364
Amsterdam              8.836667  ... 2023-07-27 00:53:00.195364
...                         ...  ...                        ...
Winnipeg               8.966000  ... 2023-07-27 00:53:00.195364
Wroclaw                5.704333  ... 2023-07-27 00:53:00.195364
Yerevan                6.501000  ... 2023-07-27 00:53:00.195364
Zagreb                 5.720333  ... 2023-07-27 00:53:00.195364
Zurich                 8.888000  ... 2023-07-27 00:53:00.195364

[266 rows x 18 columns]
[2023-07-27 00:53:01,457] {taskinstance.py:1909} ERROR - Task failed with exception
Traceback (most recent call last):
  File "/home/airflow/.local/lib/python3.7/site-packages/airflow/operators/python.py", line 171, in execute
    return_value = self.execute_callable()
  File "/home/airflow/.local/lib/python3.7/site-packages/airflow/operators/python.py", line 189, in execute_callable
    return self.python_callable(*self.op_args, **self.op_kwargs)
  File "/opt/airflow/dags/script_etl.py", line 88, in transform_data
    cursor.execute(insert_query_with_columns, [index] + values)
TypeError: not all arguments converted during string formatting
[2023-07-27 00:53:01,515] {taskinstance.py:1420} INFO - Marking task as FAILED. dag_id=dag_con_conexion_postgres, task_id=transformar_datos, execution_date=20230727T005104, start_date=20230727T005259, end_date=20230727T005301
[2023-07-27 00:53:01,598] {standard_task_runner.py:97} ERROR - Failed to execute job 163 for task transformar_datos (not all arguments converted during string formatting; 6799)
[2023-07-27 00:53:01,678] {local_task_job.py:156} INFO - Task exited with return code 1
[2023-07-27 00:53:01,801] {local_task_job.py:273} INFO - 0 downstream tasks scheduled from follow-on schedule check
