[2023-07-28 01:42:49,436] {taskinstance.py:1179} INFO - Dependencies all met for <TaskInstance: dag_con_conexion_postgres.obtener_datos manual__2023-07-28T01:42:28.484407+00:00 [queued]>
[2023-07-28 01:42:49,464] {taskinstance.py:1179} INFO - Dependencies all met for <TaskInstance: dag_con_conexion_postgres.obtener_datos manual__2023-07-28T01:42:28.484407+00:00 [queued]>
[2023-07-28 01:42:49,467] {taskinstance.py:1376} INFO - 
--------------------------------------------------------------------------------
[2023-07-28 01:42:49,470] {taskinstance.py:1377} INFO - Starting attempt 1 of 2
[2023-07-28 01:42:49,474] {taskinstance.py:1378} INFO - 
--------------------------------------------------------------------------------
[2023-07-28 01:42:49,517] {taskinstance.py:1397} INFO - Executing <Task(PythonOperator): obtener_datos> on 2023-07-28 01:42:28.484407+00:00
[2023-07-28 01:42:49,533] {standard_task_runner.py:52} INFO - Started process 4050 to run task
[2023-07-28 01:42:49,553] {standard_task_runner.py:79} INFO - Running: ['***', 'tasks', 'run', 'dag_con_conexion_postgres', 'obtener_datos', 'manual__2023-07-28T01:42:28.484407+00:00', '--job-id', '171', '--raw', '--subdir', 'DAGS_FOLDER/dag_etl_paises.py', '--cfg-path', '/tmp/tmp70wjx9b9', '--error-file', '/tmp/tmpygy1c118']
[2023-07-28 01:42:49,562] {standard_task_runner.py:80} INFO - Job 171: Subtask obtener_datos
[2023-07-28 01:42:49,807] {task_command.py:371} INFO - Running <TaskInstance: dag_con_conexion_postgres.obtener_datos manual__2023-07-28T01:42:28.484407+00:00 [running]> on host 4bed4cd30000
[2023-07-28 01:42:50,140] {taskinstance.py:1591} INFO - Exporting the following env vars:
AIRFLOW_CTX_DAG_OWNER=Belenpintor
AIRFLOW_CTX_DAG_ID=dag_con_conexion_postgres
AIRFLOW_CTX_TASK_ID=obtener_datos
AIRFLOW_CTX_EXECUTION_DATE=2023-07-28T01:42:28.484407+00:00
AIRFLOW_CTX_TRY_NUMBER=1
AIRFLOW_CTX_DAG_RUN_ID=manual__2023-07-28T01:42:28.484407+00:00
[2023-07-28 01:43:07,109] {local_task_job.py:84} ERROR - Received SIGTERM. Terminating subprocesses
[2023-07-28 01:43:07,417] {process_utils.py:129} INFO - Sending Signals.SIGTERM to group 4050. PIDs of all processes in the group: [4050]
[2023-07-28 01:43:07,456] {process_utils.py:80} INFO - Sending the signal Signals.SIGTERM to group 4050
[2023-07-28 01:43:07,902] {taskinstance.py:1561} ERROR - Received SIGTERM. Terminating subprocesses.
[2023-07-28 01:43:10,408] {taskinstance.py:1909} ERROR - Task failed with exception
Traceback (most recent call last):
  File "/home/airflow/.local/lib/python3.7/site-packages/airflow/operators/python.py", line 171, in execute
    return_value = self.execute_callable()
  File "/home/airflow/.local/lib/python3.7/site-packages/airflow/operators/python.py", line 189, in execute_callable
    return self.python_callable(*self.op_args, **self.op_kwargs)
  File "/opt/airflow/dags/script_etl.py", line 52, in get_data
    response = requests.get(ciudad_url)
  File "/home/airflow/.local/lib/python3.7/site-packages/requests/api.py", line 73, in get
    return request("get", url, params=params, **kwargs)
  File "/home/airflow/.local/lib/python3.7/site-packages/requests/api.py", line 59, in request
    return session.request(method=method, url=url, **kwargs)
  File "/home/airflow/.local/lib/python3.7/site-packages/requests/sessions.py", line 587, in request
    resp = self.send(prep, **send_kwargs)
  File "/home/airflow/.local/lib/python3.7/site-packages/requests/sessions.py", line 701, in send
    r = adapter.send(request, **kwargs)
  File "/home/airflow/.local/lib/python3.7/site-packages/requests/adapters.py", line 499, in send
    timeout=timeout,
  File "/home/airflow/.local/lib/python3.7/site-packages/urllib3/connectionpool.py", line 710, in urlopen
    chunked=chunked,
  File "/home/airflow/.local/lib/python3.7/site-packages/urllib3/connectionpool.py", line 386, in _make_request
    self._validate_conn(conn)
  File "/home/airflow/.local/lib/python3.7/site-packages/urllib3/connectionpool.py", line 1040, in _validate_conn
    conn.connect()
  File "/home/airflow/.local/lib/python3.7/site-packages/urllib3/connection.py", line 358, in connect
    self.sock = conn = self._new_conn()
  File "/home/airflow/.local/lib/python3.7/site-packages/urllib3/connection.py", line 175, in _new_conn
    (self._dns_host, self.port), self.timeout, **extra_kw
  File "/home/airflow/.local/lib/python3.7/site-packages/urllib3/util/connection.py", line 72, in create_connection
    for res in socket.getaddrinfo(host, port, family, socket.SOCK_STREAM):
  File "/usr/local/lib/python3.7/socket.py", line 752, in getaddrinfo
    for res in _socket.getaddrinfo(host, port, family, type, proto, flags):
  File "/home/airflow/.local/lib/python3.7/site-packages/airflow/models/taskinstance.py", line 1563, in signal_handler
    raise AirflowException("Task received SIGTERM signal")
airflow.exceptions.AirflowException: Task received SIGTERM signal
[2023-07-28 01:43:10,909] {taskinstance.py:1420} INFO - Marking task as UP_FOR_RETRY. dag_id=dag_con_conexion_postgres, task_id=obtener_datos, execution_date=20230728T014228, start_date=20230728T014249, end_date=20230728T014310
[2023-07-28 01:43:11,138] {standard_task_runner.py:97} ERROR - Failed to execute job 171 for task obtener_datos (Task received SIGTERM signal; 4050)
[2023-07-28 01:43:11,381] {process_utils.py:75} INFO - Process psutil.Process(pid=4050, status='terminated', exitcode=1, started='01:42:49') (4050) terminated with exit code 1
[2023-07-28 01:43:11,391] {local_task_job.py:156} INFO - Task exited with return code 143
[2023-07-28 01:43:11,920] {local_task_job.py:273} INFO - 0 downstream tasks scheduled from follow-on schedule check
