[2023-07-26 23:11:05,834] {taskinstance.py:1179} INFO - Dependencies all met for <TaskInstance: dag_con_conexion_postgres.transformar_datos manual__2023-07-26T23:08:14.545518+00:00 [queued]>
[2023-07-26 23:11:05,895] {taskinstance.py:1179} INFO - Dependencies all met for <TaskInstance: dag_con_conexion_postgres.transformar_datos manual__2023-07-26T23:08:14.545518+00:00 [queued]>
[2023-07-26 23:11:05,900] {taskinstance.py:1376} INFO - 
--------------------------------------------------------------------------------
[2023-07-26 23:11:05,904] {taskinstance.py:1377} INFO - Starting attempt 1 of 1
[2023-07-26 23:11:05,907] {taskinstance.py:1378} INFO - 
--------------------------------------------------------------------------------
[2023-07-26 23:11:05,994] {taskinstance.py:1397} INFO - Executing <Task(PythonOperator): transformar_datos> on 2023-07-26 23:08:14.545518+00:00
[2023-07-26 23:11:06,024] {standard_task_runner.py:52} INFO - Started process 3538 to run task
[2023-07-26 23:11:06,050] {standard_task_runner.py:79} INFO - Running: ['***', 'tasks', 'run', 'dag_con_conexion_postgres', 'transformar_datos', 'manual__2023-07-26T23:08:14.545518+00:00', '--job-id', '118', '--raw', '--subdir', 'DAGS_FOLDER/dag_etl_paises.py', '--cfg-path', '/tmp/tmpm6wuj7w1', '--error-file', '/tmp/tmpxw8l1icx']
[2023-07-26 23:11:06,064] {standard_task_runner.py:80} INFO - Job 118: Subtask transformar_datos
[2023-07-26 23:11:06,491] {task_command.py:371} INFO - Running <TaskInstance: dag_con_conexion_postgres.transformar_datos manual__2023-07-26T23:08:14.545518+00:00 [running]> on host 484a5a9deba0
[2023-07-26 23:11:07,264] {taskinstance.py:1591} INFO - Exporting the following env vars:
AIRFLOW_CTX_DAG_OWNER=Belenpintor
AIRFLOW_CTX_DAG_ID=dag_con_conexion_postgres
AIRFLOW_CTX_TASK_ID=transformar_datos
AIRFLOW_CTX_EXECUTION_DATE=2023-07-26T23:08:14.545518+00:00
AIRFLOW_CTX_TRY_NUMBER=1
AIRFLOW_CTX_DAG_RUN_ID=manual__2023-07-26T23:08:14.545518+00:00
[2023-07-26 23:11:07,270] {taskinstance.py:1909} ERROR - Task failed with exception
Traceback (most recent call last):
  File "/home/airflow/.local/lib/python3.7/site-packages/airflow/operators/python.py", line 171, in execute
    return_value = self.execute_callable()
  File "/home/airflow/.local/lib/python3.7/site-packages/airflow/operators/python.py", line 189, in execute_callable
    return self.python_callable(*self.op_args, **self.op_kwargs)
  File "/opt/airflow/dags/script_etl.py", line 64, in transform_data
    json_ciudad=ciudad.value()
AttributeError: 'dict' object has no attribute 'value'
[2023-07-26 23:11:07,338] {taskinstance.py:1420} INFO - Marking task as FAILED. dag_id=dag_con_conexion_postgres, task_id=transformar_datos, execution_date=20230726T230814, start_date=20230726T231105, end_date=20230726T231107
[2023-07-26 23:11:07,380] {standard_task_runner.py:97} ERROR - Failed to execute job 118 for task transformar_datos ('dict' object has no attribute 'value'; 3538)
[2023-07-26 23:11:07,442] {local_task_job.py:156} INFO - Task exited with return code 1
[2023-07-26 23:11:07,558] {local_task_job.py:273} INFO - 0 downstream tasks scheduled from follow-on schedule check
