[2023-07-27 00:35:01,248] {taskinstance.py:1179} INFO - Dependencies all met for <TaskInstance: dag_con_conexion_postgres.transformar_datos manual__2023-07-27T00:33:20.329341+00:00 [queued]>
[2023-07-27 00:35:01,270] {taskinstance.py:1179} INFO - Dependencies all met for <TaskInstance: dag_con_conexion_postgres.transformar_datos manual__2023-07-27T00:33:20.329341+00:00 [queued]>
[2023-07-27 00:35:01,272] {taskinstance.py:1376} INFO - 
--------------------------------------------------------------------------------
[2023-07-27 00:35:01,275] {taskinstance.py:1377} INFO - Starting attempt 1 of 1
[2023-07-27 00:35:01,277] {taskinstance.py:1378} INFO - 
--------------------------------------------------------------------------------
[2023-07-27 00:35:01,307] {taskinstance.py:1397} INFO - Executing <Task(PythonOperator): transformar_datos> on 2023-07-27 00:33:20.329341+00:00
[2023-07-27 00:35:01,315] {standard_task_runner.py:52} INFO - Started process 6217 to run task
[2023-07-27 00:35:01,327] {standard_task_runner.py:79} INFO - Running: ['***', 'tasks', 'run', 'dag_con_conexion_postgres', 'transformar_datos', 'manual__2023-07-27T00:33:20.329341+00:00', '--job-id', '157', '--raw', '--subdir', 'DAGS_FOLDER/dag_etl_paises.py', '--cfg-path', '/tmp/tmpamai5kwi', '--error-file', '/tmp/tmp25b1cvt0']
[2023-07-27 00:35:01,331] {standard_task_runner.py:80} INFO - Job 157: Subtask transformar_datos
[2023-07-27 00:35:01,463] {task_command.py:371} INFO - Running <TaskInstance: dag_con_conexion_postgres.transformar_datos manual__2023-07-27T00:33:20.329341+00:00 [running]> on host 484a5a9deba0
[2023-07-27 00:35:01,831] {taskinstance.py:1591} INFO - Exporting the following env vars:
AIRFLOW_CTX_DAG_OWNER=Belenpintor
AIRFLOW_CTX_DAG_ID=dag_con_conexion_postgres
AIRFLOW_CTX_TASK_ID=transformar_datos
AIRFLOW_CTX_EXECUTION_DATE=2023-07-27T00:33:20.329341+00:00
AIRFLOW_CTX_TRY_NUMBER=1
AIRFLOW_CTX_DAG_RUN_ID=manual__2023-07-27T00:33:20.329341+00:00
[2023-07-27 00:35:01,942] {logging_mixin.py:115} INFO - asi el dataframe nombre         Business Freedom  ...               process_date
ciudad_nombre                    ...                           
Aarhus                 9.940000  ... 2023-07-27 00:35:01.876099
Adelaide               9.399667  ... 2023-07-27 00:35:01.876099
Albuquerque            8.671000  ... 2023-07-27 00:35:01.876099
Almaty                 5.568000  ... 2023-07-27 00:35:01.876099
Amsterdam              8.836667  ... 2023-07-27 00:35:01.876099
...                         ...  ...                        ...
Winnipeg               8.966000  ... 2023-07-27 00:35:01.876099
Wroclaw                5.704333  ... 2023-07-27 00:35:01.876099
Yerevan                6.501000  ... 2023-07-27 00:35:01.876099
Zagreb                 5.720333  ... 2023-07-27 00:35:01.876099
Zurich                 8.888000  ... 2023-07-27 00:35:01.876099

[266 rows x 18 columns]
[2023-07-27 00:35:03,274] {taskinstance.py:1909} ERROR - Task failed with exception
Traceback (most recent call last):
  File "/home/airflow/.local/lib/python3.7/site-packages/airflow/operators/python.py", line 171, in execute
    return_value = self.execute_callable()
  File "/home/airflow/.local/lib/python3.7/site-packages/airflow/operators/python.py", line 189, in execute_callable
    return self.python_callable(*self.op_args, **self.op_kwargs)
  File "/opt/airflow/dags/script_etl.py", line 91, in transform_data
    cursor.execute(insert_query_with_columns, values_with_date)
TypeError: not all arguments converted during string formatting
[2023-07-27 00:35:03,303] {taskinstance.py:1420} INFO - Marking task as FAILED. dag_id=dag_con_conexion_postgres, task_id=transformar_datos, execution_date=20230727T003320, start_date=20230727T003501, end_date=20230727T003503
[2023-07-27 00:35:03,341] {standard_task_runner.py:97} ERROR - Failed to execute job 157 for task transformar_datos (not all arguments converted during string formatting; 6217)
[2023-07-27 00:35:03,414] {local_task_job.py:156} INFO - Task exited with return code 1
[2023-07-27 00:35:03,515] {local_task_job.py:273} INFO - 0 downstream tasks scheduled from follow-on schedule check
