[2023-07-29 03:43:41,528] {taskinstance.py:1179} INFO - Dependencies all met for <TaskInstance: dag_etl_paises.dag_envio_success manual__2023-07-29T03:39:38.260854+00:00 [queued]>
[2023-07-29 03:43:41,548] {taskinstance.py:1179} INFO - Dependencies all met for <TaskInstance: dag_etl_paises.dag_envio_success manual__2023-07-29T03:39:38.260854+00:00 [queued]>
[2023-07-29 03:43:41,550] {taskinstance.py:1376} INFO - 
--------------------------------------------------------------------------------
[2023-07-29 03:43:41,553] {taskinstance.py:1377} INFO - Starting attempt 1 of 2
[2023-07-29 03:43:41,556] {taskinstance.py:1378} INFO - 
--------------------------------------------------------------------------------
[2023-07-29 03:43:41,588] {taskinstance.py:1397} INFO - Executing <Task(PythonOperator): dag_envio_success> on 2023-07-29 03:39:38.260854+00:00
[2023-07-29 03:43:41,596] {standard_task_runner.py:52} INFO - Started process 9399 to run task
[2023-07-29 03:43:41,607] {standard_task_runner.py:79} INFO - Running: ['***', 'tasks', 'run', 'dag_etl_paises', 'dag_envio_success', 'manual__2023-07-29T03:39:38.260854+00:00', '--job-id', '117', '--raw', '--subdir', 'DAGS_FOLDER/dag_etl_paises.py', '--cfg-path', '/tmp/tmp5b3q1xf1', '--error-file', '/tmp/tmppraedj6h']
[2023-07-29 03:43:41,610] {standard_task_runner.py:80} INFO - Job 117: Subtask dag_envio_success
[2023-07-29 03:43:41,853] {task_command.py:371} INFO - Running <TaskInstance: dag_etl_paises.dag_envio_success manual__2023-07-29T03:39:38.260854+00:00 [running]> on host 068a3bc06d1c
[2023-07-29 03:43:42,026] {taskinstance.py:1591} INFO - Exporting the following env vars:
AIRFLOW_CTX_DAG_OWNER=Belenpintor
AIRFLOW_CTX_DAG_ID=dag_etl_paises
AIRFLOW_CTX_TASK_ID=dag_envio_success
AIRFLOW_CTX_EXECUTION_DATE=2023-07-29T03:39:38.260854+00:00
AIRFLOW_CTX_TRY_NUMBER=1
AIRFLOW_CTX_DAG_RUN_ID=manual__2023-07-29T03:39:38.260854+00:00
[2023-07-29 03:43:44,502] {logging_mixin.py:115} INFO - Exito
[2023-07-29 03:43:44,508] {python.py:173} INFO - Done. Returned value was: None
[2023-07-29 03:43:44,531] {taskinstance.py:1420} INFO - Marking task as SUCCESS. dag_id=dag_etl_paises, task_id=dag_envio_success, execution_date=20230729T033938, start_date=20230729T034341, end_date=20230729T034344
[2023-07-29 03:43:44,612] {local_task_job.py:156} INFO - Task exited with return code 0
[2023-07-29 03:43:44,685] {local_task_job.py:273} INFO - 0 downstream tasks scheduled from follow-on schedule check
