[2023-07-13 16:58:56,101] {taskinstance.py:1179} INFO - Dependencies all met for <TaskInstance: dag_con_conexion_postgres.crear_tabla manual__2023-07-13T16:58:41.910820+00:00 [queued]>
[2023-07-13 16:58:56,484] {taskinstance.py:1179} INFO - Dependencies all met for <TaskInstance: dag_con_conexion_postgres.crear_tabla manual__2023-07-13T16:58:41.910820+00:00 [queued]>
[2023-07-13 16:58:56,487] {taskinstance.py:1376} INFO - 
--------------------------------------------------------------------------------
[2023-07-13 16:58:56,497] {taskinstance.py:1377} INFO - Starting attempt 1 of 1
[2023-07-13 16:58:56,506] {taskinstance.py:1378} INFO - 
--------------------------------------------------------------------------------
[2023-07-13 16:58:56,782] {taskinstance.py:1397} INFO - Executing <Task(PythonOperator): crear_tabla> on 2023-07-13 16:58:41.910820+00:00
[2023-07-13 16:58:56,840] {standard_task_runner.py:52} INFO - Started process 813 to run task
[2023-07-13 16:58:56,943] {standard_task_runner.py:79} INFO - Running: ['***', 'tasks', 'run', 'dag_con_conexion_postgres', 'crear_tabla', 'manual__2023-07-13T16:58:41.910820+00:00', '--job-id', '27', '--raw', '--subdir', 'DAGS_FOLDER/dag_etl_paises.py', '--cfg-path', '/tmp/tmpv3zmugyo', '--error-file', '/tmp/tmpwawqi8eb']
[2023-07-13 16:58:56,955] {standard_task_runner.py:80} INFO - Job 27: Subtask crear_tabla
[2023-07-13 16:58:58,665] {task_command.py:371} INFO - Running <TaskInstance: dag_con_conexion_postgres.crear_tabla manual__2023-07-13T16:58:41.910820+00:00 [running]> on host bd4a51b00e09
[2023-07-13 16:59:01,145] {taskinstance.py:1591} INFO - Exporting the following env vars:
AIRFLOW_CTX_DAG_OWNER=Belenpintor
AIRFLOW_CTX_DAG_ID=dag_con_conexion_postgres
AIRFLOW_CTX_TASK_ID=crear_tabla
AIRFLOW_CTX_EXECUTION_DATE=2023-07-13T16:58:41.910820+00:00
AIRFLOW_CTX_TRY_NUMBER=1
AIRFLOW_CTX_DAG_RUN_ID=manual__2023-07-13T16:58:41.910820+00:00
[2023-07-13 16:59:01,313] {logging_mixin.py:115} INFO - creando conexion
[2023-07-13 16:59:28,445] {script_etl.py:20} INFO - DB_USER probando usuario 2: bapintor_coderhouse
[2023-07-13 16:59:28,448] {logging_mixin.py:115} INFO - usuario probando 2 bapintor_coderhouse
[2023-07-13 16:59:30,205] {python.py:173} INFO - Done. Returned value was: None
[2023-07-13 16:59:30,300] {taskinstance.py:1420} INFO - Marking task as SUCCESS. dag_id=dag_con_conexion_postgres, task_id=crear_tabla, execution_date=20230713T165841, start_date=20230713T165856, end_date=20230713T165930
[2023-07-13 16:59:30,896] {local_task_job.py:156} INFO - Task exited with return code 0
[2023-07-13 16:59:31,570] {local_task_job.py:273} INFO - 0 downstream tasks scheduled from follow-on schedule check
