[2023-07-26 23:35:17,466] {taskinstance.py:1179} INFO - Dependencies all met for <TaskInstance: dag_con_conexion_postgres.transformar_datos manual__2023-07-26T23:34:30.781926+00:00 [queued]>
[2023-07-26 23:35:17,508] {taskinstance.py:1179} INFO - Dependencies all met for <TaskInstance: dag_con_conexion_postgres.transformar_datos manual__2023-07-26T23:34:30.781926+00:00 [queued]>
[2023-07-26 23:35:17,513] {taskinstance.py:1376} INFO - 
--------------------------------------------------------------------------------
[2023-07-26 23:35:17,517] {taskinstance.py:1377} INFO - Starting attempt 1 of 1
[2023-07-26 23:35:17,519] {taskinstance.py:1378} INFO - 
--------------------------------------------------------------------------------
[2023-07-26 23:35:17,568] {taskinstance.py:1397} INFO - Executing <Task(PythonOperator): transformar_datos> on 2023-07-26 23:34:30.781926+00:00
[2023-07-26 23:35:17,581] {standard_task_runner.py:52} INFO - Started process 4311 to run task
[2023-07-26 23:35:17,598] {standard_task_runner.py:79} INFO - Running: ['***', 'tasks', 'run', 'dag_con_conexion_postgres', 'transformar_datos', 'manual__2023-07-26T23:34:30.781926+00:00', '--job-id', '127', '--raw', '--subdir', 'DAGS_FOLDER/dag_etl_paises.py', '--cfg-path', '/tmp/tmp_po4rygw', '--error-file', '/tmp/tmpki5k8us6']
[2023-07-26 23:35:17,602] {standard_task_runner.py:80} INFO - Job 127: Subtask transformar_datos
[2023-07-26 23:35:17,806] {task_command.py:371} INFO - Running <TaskInstance: dag_con_conexion_postgres.transformar_datos manual__2023-07-26T23:34:30.781926+00:00 [running]> on host 484a5a9deba0
[2023-07-26 23:35:18,632] {taskinstance.py:1591} INFO - Exporting the following env vars:
AIRFLOW_CTX_DAG_OWNER=Belenpintor
AIRFLOW_CTX_DAG_ID=dag_con_conexion_postgres
AIRFLOW_CTX_TASK_ID=transformar_datos
AIRFLOW_CTX_EXECUTION_DATE=2023-07-26T23:34:30.781926+00:00
AIRFLOW_CTX_TRY_NUMBER=1
AIRFLOW_CTX_DAG_RUN_ID=manual__2023-07-26T23:34:30.781926+00:00
[2023-07-26 23:35:19,178] {logging_mixin.py:115} INFO - asi el dataframe nombre         Business Freedom  Commute  ...  Travel Connectivity  Venture Capital
ciudad_nombre                             ...                                      
Aarhus                 9.940000  6.31175  ...               3.5360            2.512
Adelaide               9.399667  5.33625  ...               1.7765            2.640
Albuquerque            8.671000  5.05575  ...               1.4555            1.493
Almaty                 5.568000  5.87125  ...               4.5920            0.000
Amsterdam              8.836667  6.11850  ...               8.3245            6.107
...                         ...      ...  ...                  ...              ...
Winnipeg               8.966000  5.10450  ...               1.4755            0.000
Wroclaw                5.704333  4.95475  ...               2.2445            2.386
Yerevan                6.501000  5.64925  ...               1.7870            0.000
Zagreb                 5.720333  4.83000  ...               2.0280            1.775
Zurich                 8.888000  5.83950  ...               7.7335            3.872

[266 rows x 17 columns]
[2023-07-26 23:35:19,193] {python.py:173} INFO - Done. Returned value was: nombre         Business Freedom  Commute  ...  Travel Connectivity  Venture Capital
ciudad_nombre                             ...                                      
Aarhus                 9.940000  6.31175  ...               3.5360            2.512
Adelaide               9.399667  5.33625  ...               1.7765            2.640
Albuquerque            8.671000  5.05575  ...               1.4555            1.493
Almaty                 5.568000  5.87125  ...               4.5920            0.000
Amsterdam              8.836667  6.11850  ...               8.3245            6.107
...                         ...      ...  ...                  ...              ...
Winnipeg               8.966000  5.10450  ...               1.4755            0.000
Wroclaw                5.704333  4.95475  ...               2.2445            2.386
Yerevan                6.501000  5.64925  ...               1.7870            0.000
Zagreb                 5.720333  4.83000  ...               2.0280            1.775
Zurich                 8.888000  5.83950  ...               7.7335            3.872

[266 rows x 17 columns]
[2023-07-26 23:35:19,357] {xcom.py:586} ERROR - Could not serialize the XCom value into JSON. If you are using pickle instead of JSON for XCom, then you need to enable pickle support for XCom in your *** config.
[2023-07-26 23:35:19,370] {taskinstance.py:1909} ERROR - Task failed with exception
Traceback (most recent call last):
  File "/home/airflow/.local/lib/python3.7/site-packages/airflow/utils/session.py", line 68, in wrapper
    return func(*args, **kwargs)
  File "/home/airflow/.local/lib/python3.7/site-packages/airflow/models/taskinstance.py", line 2412, in xcom_push
    session=session,
  File "/home/airflow/.local/lib/python3.7/site-packages/airflow/utils/session.py", line 68, in wrapper
    return func(*args, **kwargs)
  File "/home/airflow/.local/lib/python3.7/site-packages/airflow/models/xcom.py", line 198, in set
    map_index=map_index,
  File "/home/airflow/.local/lib/python3.7/site-packages/airflow/models/xcom.py", line 583, in serialize_value
    return json.dumps(value).encode('UTF-8')
  File "/usr/local/lib/python3.7/json/__init__.py", line 231, in dumps
    return _default_encoder.encode(obj)
  File "/usr/local/lib/python3.7/json/encoder.py", line 199, in encode
    chunks = self.iterencode(o, _one_shot=True)
  File "/usr/local/lib/python3.7/json/encoder.py", line 257, in iterencode
    return _iterencode(o, 0)
  File "/usr/local/lib/python3.7/json/encoder.py", line 179, in default
    raise TypeError(f'Object of type {o.__class__.__name__} '
TypeError: Object of type DataFrame is not JSON serializable
[2023-07-26 23:35:19,434] {taskinstance.py:1420} INFO - Marking task as FAILED. dag_id=dag_con_conexion_postgres, task_id=transformar_datos, execution_date=20230726T233430, start_date=20230726T233517, end_date=20230726T233519
[2023-07-26 23:35:19,521] {standard_task_runner.py:97} ERROR - Failed to execute job 127 for task transformar_datos (Object of type DataFrame is not JSON serializable; 4311)
[2023-07-26 23:35:19,610] {local_task_job.py:156} INFO - Task exited with return code 1
[2023-07-26 23:35:19,734] {local_task_job.py:273} INFO - 0 downstream tasks scheduled from follow-on schedule check
