[2023-07-13 17:03:14,709] {taskinstance.py:1179} INFO - Dependencies all met for <TaskInstance: dag_con_conexion_postgres.cargar_datos scheduled__2023-07-10T00:00:00+00:00 [queued]>
[2023-07-13 17:03:14,821] {taskinstance.py:1179} INFO - Dependencies all met for <TaskInstance: dag_con_conexion_postgres.cargar_datos scheduled__2023-07-10T00:00:00+00:00 [queued]>
[2023-07-13 17:03:14,835] {taskinstance.py:1376} INFO - 
--------------------------------------------------------------------------------
[2023-07-13 17:03:14,848] {taskinstance.py:1377} INFO - Starting attempt 1 of 1
[2023-07-13 17:03:14,852] {taskinstance.py:1378} INFO - 
--------------------------------------------------------------------------------
[2023-07-13 17:03:15,130] {taskinstance.py:1397} INFO - Executing <Task(PythonOperator): cargar_datos> on 2023-07-10 00:00:00+00:00
[2023-07-13 17:03:15,270] {standard_task_runner.py:52} INFO - Started process 931 to run task
[2023-07-13 17:03:15,352] {standard_task_runner.py:79} INFO - Running: ['***', 'tasks', 'run', 'dag_con_conexion_postgres', 'cargar_datos', 'scheduled__2023-07-10T00:00:00+00:00', '--job-id', '36', '--raw', '--subdir', 'DAGS_FOLDER/dag_etl_paises.py', '--cfg-path', '/tmp/tmphzy7c8h4', '--error-file', '/tmp/tmpqpnd1l2u']
[2023-07-13 17:03:15,372] {standard_task_runner.py:80} INFO - Job 36: Subtask cargar_datos
[2023-07-13 17:03:16,333] {task_command.py:371} INFO - Running <TaskInstance: dag_con_conexion_postgres.cargar_datos scheduled__2023-07-10T00:00:00+00:00 [running]> on host bd4a51b00e09
[2023-07-13 17:03:17,505] {taskinstance.py:1591} INFO - Exporting the following env vars:
AIRFLOW_CTX_DAG_OWNER=Belenpintor
AIRFLOW_CTX_DAG_ID=dag_con_conexion_postgres
AIRFLOW_CTX_TASK_ID=cargar_datos
AIRFLOW_CTX_EXECUTION_DATE=2023-07-10T00:00:00+00:00
AIRFLOW_CTX_TRY_NUMBER=1
AIRFLOW_CTX_DAG_RUN_ID=scheduled__2023-07-10T00:00:00+00:00
[2023-07-13 17:03:17,519] {logging_mixin.py:115} INFO - creando conexion
[2023-07-13 17:03:25,219] {script_etl.py:20} INFO - DB_USER probando usuario 2: bapintor_coderhouse
[2023-07-13 17:03:25,352] {logging_mixin.py:115} INFO - usuario probando 2 bapintor_coderhouse
