[2023-07-29 03:43:34,094] {taskinstance.py:1179} INFO - Dependencies all met for <TaskInstance: dag_etl_paises.verificar_threshold manual__2023-07-29T03:39:38.260854+00:00 [queued]>
[2023-07-29 03:43:34,113] {taskinstance.py:1179} INFO - Dependencies all met for <TaskInstance: dag_etl_paises.verificar_threshold manual__2023-07-29T03:39:38.260854+00:00 [queued]>
[2023-07-29 03:43:34,116] {taskinstance.py:1376} INFO - 
--------------------------------------------------------------------------------
[2023-07-29 03:43:34,118] {taskinstance.py:1377} INFO - Starting attempt 1 of 2
[2023-07-29 03:43:34,120] {taskinstance.py:1378} INFO - 
--------------------------------------------------------------------------------
[2023-07-29 03:43:34,150] {taskinstance.py:1397} INFO - Executing <Task(PythonOperator): verificar_threshold> on 2023-07-29 03:39:38.260854+00:00
[2023-07-29 03:43:34,158] {standard_task_runner.py:52} INFO - Started process 9390 to run task
[2023-07-29 03:43:34,169] {standard_task_runner.py:79} INFO - Running: ['***', 'tasks', 'run', 'dag_etl_paises', 'verificar_threshold', 'manual__2023-07-29T03:39:38.260854+00:00', '--job-id', '116', '--raw', '--subdir', 'DAGS_FOLDER/dag_etl_paises.py', '--cfg-path', '/tmp/tmpb6e199s9', '--error-file', '/tmp/tmpqi2h0r9t']
[2023-07-29 03:43:34,173] {standard_task_runner.py:80} INFO - Job 116: Subtask verificar_threshold
[2023-07-29 03:43:34,300] {task_command.py:371} INFO - Running <TaskInstance: dag_etl_paises.verificar_threshold manual__2023-07-29T03:39:38.260854+00:00 [running]> on host 068a3bc06d1c
[2023-07-29 03:43:34,426] {taskinstance.py:1591} INFO - Exporting the following env vars:
AIRFLOW_CTX_DAG_OWNER=Belenpintor
AIRFLOW_CTX_DAG_ID=dag_etl_paises
AIRFLOW_CTX_TASK_ID=verificar_threshold
AIRFLOW_CTX_EXECUTION_DATE=2023-07-29T03:39:38.260854+00:00
AIRFLOW_CTX_TRY_NUMBER=1
AIRFLOW_CTX_DAG_RUN_ID=manual__2023-07-29T03:39:38.260854+00:00
[2023-07-29 03:43:34,453] {base.py:68} INFO - Using connection ID 'redshift_belen' for task execution.
[2023-07-29 03:43:38,610] {logging_mixin.py:115} INFO - Exito
[2023-07-29 03:43:38,761] {logging_mixin.py:115} INFO - No se encontraron datos para la ciudad: Belgium
[2023-07-29 03:43:38,767] {python.py:173} INFO - Done. Returned value was: None
[2023-07-29 03:43:38,829] {taskinstance.py:1420} INFO - Marking task as SUCCESS. dag_id=dag_etl_paises, task_id=verificar_threshold, execution_date=20230729T033938, start_date=20230729T034334, end_date=20230729T034338
[2023-07-29 03:43:38,900] {local_task_job.py:156} INFO - Task exited with return code 0
[2023-07-29 03:43:38,975] {local_task_job.py:273} INFO - 1 downstream tasks scheduled from follow-on schedule check
