[2023-07-29 00:08:02,332] {taskinstance.py:1179} INFO - Dependencies all met for <TaskInstance: dag_etl_paises.dag_envio_success scheduled__2023-07-28T00:00:00+00:00 [queued]>
[2023-07-29 00:08:02,379] {taskinstance.py:1179} INFO - Dependencies all met for <TaskInstance: dag_etl_paises.dag_envio_success scheduled__2023-07-28T00:00:00+00:00 [queued]>
[2023-07-29 00:08:02,384] {taskinstance.py:1376} INFO - 
--------------------------------------------------------------------------------
[2023-07-29 00:08:02,386] {taskinstance.py:1377} INFO - Starting attempt 1 of 2
[2023-07-29 00:08:02,389] {taskinstance.py:1378} INFO - 
--------------------------------------------------------------------------------
[2023-07-29 00:08:02,448] {taskinstance.py:1397} INFO - Executing <Task(PythonOperator): dag_envio_success> on 2023-07-28 00:00:00+00:00
[2023-07-29 00:08:02,457] {standard_task_runner.py:52} INFO - Started process 2520 to run task
[2023-07-29 00:08:02,476] {standard_task_runner.py:79} INFO - Running: ['***', 'tasks', 'run', 'dag_etl_paises', 'dag_envio_success', 'scheduled__2023-07-28T00:00:00+00:00', '--job-id', '50', '--raw', '--subdir', 'DAGS_FOLDER/dag_etl_paises.py', '--cfg-path', '/tmp/tmpez9ydm47', '--error-file', '/tmp/tmpt1tisrkk']
[2023-07-29 00:08:02,483] {standard_task_runner.py:80} INFO - Job 50: Subtask dag_envio_success
[2023-07-29 00:08:02,731] {task_command.py:371} INFO - Running <TaskInstance: dag_etl_paises.dag_envio_success scheduled__2023-07-28T00:00:00+00:00 [running]> on host 068a3bc06d1c
[2023-07-29 00:08:02,993] {taskinstance.py:1591} INFO - Exporting the following env vars:
AIRFLOW_CTX_DAG_OWNER=Belenpintor
AIRFLOW_CTX_DAG_ID=dag_etl_paises
AIRFLOW_CTX_TASK_ID=dag_envio_success
AIRFLOW_CTX_EXECUTION_DATE=2023-07-28T00:00:00+00:00
AIRFLOW_CTX_TRY_NUMBER=1
AIRFLOW_CTX_DAG_RUN_ID=scheduled__2023-07-28T00:00:00+00:00
[2023-07-29 00:08:05,714] {logging_mixin.py:115} INFO - Exito
[2023-07-29 00:08:05,717] {python.py:173} INFO - Done. Returned value was: None
[2023-07-29 00:08:05,739] {taskinstance.py:1420} INFO - Marking task as SUCCESS. dag_id=dag_etl_paises, task_id=dag_envio_success, execution_date=20230728T000000, start_date=20230729T000802, end_date=20230729T000805
[2023-07-29 00:08:05,779] {local_task_job.py:156} INFO - Task exited with return code 0
[2023-07-29 00:08:05,838] {local_task_job.py:273} INFO - 0 downstream tasks scheduled from follow-on schedule check
