[2023-07-27 01:01:17,399] {taskinstance.py:1179} INFO - Dependencies all met for <TaskInstance: dag_con_conexion_postgres.transformar_datos manual__2023-07-27T00:59:31.726546+00:00 [queued]>
[2023-07-27 01:01:17,417] {taskinstance.py:1179} INFO - Dependencies all met for <TaskInstance: dag_con_conexion_postgres.transformar_datos manual__2023-07-27T00:59:31.726546+00:00 [queued]>
[2023-07-27 01:01:17,419] {taskinstance.py:1376} INFO - 
--------------------------------------------------------------------------------
[2023-07-27 01:01:17,421] {taskinstance.py:1377} INFO - Starting attempt 1 of 1
[2023-07-27 01:01:17,423] {taskinstance.py:1378} INFO - 
--------------------------------------------------------------------------------
[2023-07-27 01:01:17,450] {taskinstance.py:1397} INFO - Executing <Task(PythonOperator): transformar_datos> on 2023-07-27 00:59:31.726546+00:00
[2023-07-27 01:01:17,459] {standard_task_runner.py:52} INFO - Started process 7065 to run task
[2023-07-27 01:01:17,469] {standard_task_runner.py:79} INFO - Running: ['***', 'tasks', 'run', 'dag_con_conexion_postgres', 'transformar_datos', 'manual__2023-07-27T00:59:31.726546+00:00', '--job-id', '166', '--raw', '--subdir', 'DAGS_FOLDER/dag_etl_paises.py', '--cfg-path', '/tmp/tmpbp7_boxw', '--error-file', '/tmp/tmptiaxkbrj']
[2023-07-27 01:01:17,473] {standard_task_runner.py:80} INFO - Job 166: Subtask transformar_datos
[2023-07-27 01:01:17,659] {task_command.py:371} INFO - Running <TaskInstance: dag_con_conexion_postgres.transformar_datos manual__2023-07-27T00:59:31.726546+00:00 [running]> on host 484a5a9deba0
[2023-07-27 01:01:17,967] {taskinstance.py:1591} INFO - Exporting the following env vars:
AIRFLOW_CTX_DAG_OWNER=Belenpintor
AIRFLOW_CTX_DAG_ID=dag_con_conexion_postgres
AIRFLOW_CTX_TASK_ID=transformar_datos
AIRFLOW_CTX_EXECUTION_DATE=2023-07-27T00:59:31.726546+00:00
AIRFLOW_CTX_TRY_NUMBER=1
AIRFLOW_CTX_DAG_RUN_ID=manual__2023-07-27T00:59:31.726546+00:00
[2023-07-27 01:01:18,100] {logging_mixin.py:115} INFO - asi el dataframe nombre         Business Freedom  Commute  ...  Travel Connectivity  Venture Capital
ciudad_nombre                             ...                                      
Aarhus                 9.940000  6.31175  ...               3.5360            2.512
Adelaide               9.399667  5.33625  ...               1.7765            2.640
Albuquerque            8.671000  5.05575  ...               1.4555            1.493
Almaty                 5.568000  5.87125  ...               4.5920            0.000
Amsterdam              8.836667  6.11850  ...               8.3245            6.107
...                         ...      ...  ...                  ...              ...
Winnipeg               8.966000  5.10450  ...               1.4755            0.000
Wroclaw                5.704333  4.95475  ...               2.2445            2.386
Yerevan                6.501000  5.64925  ...               1.7870            0.000
Zagreb                 5.720333  4.83000  ...               2.0280            1.775
Zurich                 8.888000  5.83950  ...               7.7335            3.872

[266 rows x 17 columns]
[2023-07-27 01:01:26,766] {logging_mixin.py:115} INFO - listo comit
[2023-07-27 01:01:27,358] {logging_mixin.py:115} INFO - listo comit
[2023-07-27 01:01:27,903] {logging_mixin.py:115} INFO - listo comit
[2023-07-27 01:01:28,542] {logging_mixin.py:115} INFO - listo comit
[2023-07-27 01:01:29,077] {logging_mixin.py:115} INFO - listo comit
[2023-07-27 01:01:29,619] {logging_mixin.py:115} INFO - listo comit
[2023-07-27 01:01:33,715] {logging_mixin.py:115} INFO - listo comit
[2023-07-27 01:01:34,277] {logging_mixin.py:115} INFO - listo comit
[2023-07-27 01:01:34,875] {logging_mixin.py:115} INFO - listo comit
[2023-07-27 01:01:39,706] {logging_mixin.py:115} INFO - listo comit
[2023-07-27 01:01:40,271] {logging_mixin.py:115} INFO - listo comit
[2023-07-27 01:01:40,821] {logging_mixin.py:115} INFO - listo comit
[2023-07-27 01:01:41,398] {logging_mixin.py:115} INFO - listo comit
[2023-07-27 01:01:47,018] {logging_mixin.py:115} INFO - listo comit
[2023-07-27 01:01:47,546] {logging_mixin.py:115} INFO - listo comit
[2023-07-27 01:01:52,366] {logging_mixin.py:115} INFO - listo comit
[2023-07-27 01:01:57,750] {logging_mixin.py:115} INFO - listo comit
[2023-07-27 01:01:58,298] {logging_mixin.py:115} INFO - listo comit
[2023-07-27 01:01:58,806] {logging_mixin.py:115} INFO - listo comit
[2023-07-27 01:01:59,381] {logging_mixin.py:115} INFO - listo comit
[2023-07-27 01:01:59,954] {logging_mixin.py:115} INFO - listo comit
[2023-07-27 01:02:00,564] {logging_mixin.py:115} INFO - listo comit
[2023-07-27 01:02:01,146] {logging_mixin.py:115} INFO - listo comit
[2023-07-27 01:02:05,737] {logging_mixin.py:115} INFO - listo comit
[2023-07-27 01:02:11,701] {logging_mixin.py:115} INFO - listo comit
[2023-07-27 01:02:12,248] {logging_mixin.py:115} INFO - listo comit
[2023-07-27 01:02:16,580] {logging_mixin.py:115} INFO - listo comit
[2023-07-27 01:02:17,168] {logging_mixin.py:115} INFO - listo comit
[2023-07-27 01:02:17,758] {logging_mixin.py:115} INFO - listo comit
[2023-07-27 01:02:18,323] {logging_mixin.py:115} INFO - listo comit
[2023-07-27 01:02:18,876] {logging_mixin.py:115} INFO - listo comit
[2023-07-27 01:02:23,893] {logging_mixin.py:115} INFO - listo comit
[2023-07-27 01:02:24,415] {logging_mixin.py:115} INFO - listo comit
[2023-07-27 01:02:24,956] {logging_mixin.py:115} INFO - listo comit
[2023-07-27 01:02:25,541] {logging_mixin.py:115} INFO - listo comit
[2023-07-27 01:02:26,117] {logging_mixin.py:115} INFO - listo comit
[2023-07-27 01:02:26,682] {logging_mixin.py:115} INFO - listo comit
[2023-07-27 01:02:31,442] {logging_mixin.py:115} INFO - listo comit
[2023-07-27 01:02:35,549] {logging_mixin.py:115} INFO - listo comit
[2023-07-27 01:02:36,081] {logging_mixin.py:115} INFO - listo comit
[2023-07-27 01:02:36,630] {logging_mixin.py:115} INFO - listo comit
[2023-07-27 01:02:41,482] {logging_mixin.py:115} INFO - listo comit
[2023-07-27 01:02:42,058] {logging_mixin.py:115} INFO - listo comit
[2023-07-27 01:02:42,645] {logging_mixin.py:115} INFO - listo comit
[2023-07-27 01:02:43,214] {logging_mixin.py:115} INFO - listo comit
[2023-07-27 01:02:43,788] {logging_mixin.py:115} INFO - listo comit
[2023-07-27 01:02:44,345] {logging_mixin.py:115} INFO - listo comit
[2023-07-27 01:02:44,891] {logging_mixin.py:115} INFO - listo comit
[2023-07-27 01:02:48,994] {logging_mixin.py:115} INFO - listo comit
[2023-07-27 01:02:49,534] {logging_mixin.py:115} INFO - listo comit
[2023-07-27 01:02:50,143] {logging_mixin.py:115} INFO - listo comit
[2023-07-27 01:02:54,295] {logging_mixin.py:115} INFO - listo comit
[2023-07-27 01:02:54,816] {logging_mixin.py:115} INFO - listo comit
[2023-07-27 01:02:55,386] {logging_mixin.py:115} INFO - listo comit
[2023-07-27 01:02:55,933] {logging_mixin.py:115} INFO - listo comit
[2023-07-27 01:02:56,473] {logging_mixin.py:115} INFO - listo comit
[2023-07-27 01:02:57,048] {logging_mixin.py:115} INFO - listo comit
[2023-07-27 01:03:02,426] {logging_mixin.py:115} INFO - listo comit
[2023-07-27 01:03:07,534] {logging_mixin.py:115} INFO - listo comit
[2023-07-27 01:03:08,116] {logging_mixin.py:115} INFO - listo comit
[2023-07-27 01:03:08,688] {logging_mixin.py:115} INFO - listo comit
[2023-07-27 01:03:09,240] {logging_mixin.py:115} INFO - listo comit
[2023-07-27 01:03:09,784] {logging_mixin.py:115} INFO - listo comit
[2023-07-27 01:03:14,367] {logging_mixin.py:115} INFO - listo comit
[2023-07-27 01:03:14,929] {logging_mixin.py:115} INFO - listo comit
[2023-07-27 01:03:15,481] {logging_mixin.py:115} INFO - listo comit
[2023-07-27 01:03:16,038] {logging_mixin.py:115} INFO - listo comit
[2023-07-27 01:03:20,739] {logging_mixin.py:115} INFO - listo comit
[2023-07-27 01:03:21,346] {logging_mixin.py:115} INFO - listo comit
[2023-07-27 01:03:26,615] {logging_mixin.py:115} INFO - listo comit
[2023-07-27 01:03:27,172] {logging_mixin.py:115} INFO - listo comit
[2023-07-27 01:03:27,746] {logging_mixin.py:115} INFO - listo comit
[2023-07-27 01:03:28,280] {logging_mixin.py:115} INFO - listo comit
[2023-07-27 01:03:32,788] {logging_mixin.py:115} INFO - listo comit
[2023-07-27 01:03:33,321] {logging_mixin.py:115} INFO - listo comit
[2023-07-27 01:03:38,933] {logging_mixin.py:115} INFO - listo comit
[2023-07-27 01:03:39,472] {logging_mixin.py:115} INFO - listo comit
[2023-07-27 01:03:40,091] {logging_mixin.py:115} INFO - listo comit
[2023-07-27 01:03:44,620] {logging_mixin.py:115} INFO - listo comit
[2023-07-27 01:03:45,399] {logging_mixin.py:115} INFO - listo comit
[2023-07-27 01:03:45,927] {logging_mixin.py:115} INFO - listo comit
[2023-07-27 01:03:46,452] {logging_mixin.py:115} INFO - listo comit
[2023-07-27 01:03:47,006] {logging_mixin.py:115} INFO - listo comit
[2023-07-27 01:03:47,593] {logging_mixin.py:115} INFO - listo comit
[2023-07-27 01:03:48,128] {logging_mixin.py:115} INFO - listo comit
[2023-07-27 01:03:48,642] {logging_mixin.py:115} INFO - listo comit
[2023-07-27 01:03:49,215] {logging_mixin.py:115} INFO - listo comit
[2023-07-27 01:03:49,785] {logging_mixin.py:115} INFO - listo comit
[2023-07-27 01:03:50,375] {logging_mixin.py:115} INFO - listo comit
[2023-07-27 01:03:50,952] {logging_mixin.py:115} INFO - listo comit
[2023-07-27 01:03:51,573] {logging_mixin.py:115} INFO - listo comit
[2023-07-27 01:03:56,784] {logging_mixin.py:115} INFO - listo comit
[2023-07-27 01:03:57,313] {logging_mixin.py:115} INFO - listo comit
[2023-07-27 01:03:57,859] {logging_mixin.py:115} INFO - listo comit
[2023-07-27 01:04:02,575] {logging_mixin.py:115} INFO - listo comit
[2023-07-27 01:04:06,812] {logging_mixin.py:115} INFO - listo comit
[2023-07-27 01:04:07,417] {logging_mixin.py:115} INFO - listo comit
[2023-07-27 01:04:07,958] {logging_mixin.py:115} INFO - listo comit
[2023-07-27 01:04:08,614] {logging_mixin.py:115} INFO - listo comit
[2023-07-27 01:04:09,708] {logging_mixin.py:115} INFO - listo comit
[2023-07-27 01:04:10,377] {logging_mixin.py:115} INFO - listo comit
[2023-07-27 01:04:10,973] {logging_mixin.py:115} INFO - listo comit
[2023-07-27 01:04:11,535] {logging_mixin.py:115} INFO - listo comit
[2023-07-27 01:04:12,056] {logging_mixin.py:115} INFO - listo comit
[2023-07-27 01:04:16,484] {logging_mixin.py:115} INFO - listo comit
[2023-07-27 01:04:17,032] {logging_mixin.py:115} INFO - listo comit
[2023-07-27 01:04:17,604] {logging_mixin.py:115} INFO - listo comit
[2023-07-27 01:04:18,141] {logging_mixin.py:115} INFO - listo comit
[2023-07-27 01:04:18,701] {logging_mixin.py:115} INFO - listo comit
[2023-07-27 01:04:19,334] {logging_mixin.py:115} INFO - listo comit
[2023-07-27 01:04:19,870] {logging_mixin.py:115} INFO - listo comit
[2023-07-27 01:04:24,880] {logging_mixin.py:115} INFO - listo comit
[2023-07-27 01:04:25,444] {logging_mixin.py:115} INFO - listo comit
[2023-07-27 01:04:25,989] {logging_mixin.py:115} INFO - listo comit
[2023-07-27 01:04:26,583] {logging_mixin.py:115} INFO - listo comit
[2023-07-27 01:04:31,048] {logging_mixin.py:115} INFO - listo comit
[2023-07-27 01:04:31,684] {logging_mixin.py:115} INFO - listo comit
[2023-07-27 01:04:32,246] {logging_mixin.py:115} INFO - listo comit
[2023-07-27 01:04:37,173] {logging_mixin.py:115} INFO - listo comit
[2023-07-27 01:04:37,749] {logging_mixin.py:115} INFO - listo comit
[2023-07-27 01:04:38,325] {logging_mixin.py:115} INFO - listo comit
[2023-07-27 01:04:38,950] {logging_mixin.py:115} INFO - listo comit
[2023-07-27 01:04:39,548] {logging_mixin.py:115} INFO - listo comit
[2023-07-27 01:04:40,084] {logging_mixin.py:115} INFO - listo comit
[2023-07-27 01:04:40,602] {logging_mixin.py:115} INFO - listo comit
[2023-07-27 01:04:41,134] {logging_mixin.py:115} INFO - listo comit
[2023-07-27 01:04:45,496] {logging_mixin.py:115} INFO - listo comit
[2023-07-27 01:04:50,242] {logging_mixin.py:115} INFO - listo comit
[2023-07-27 01:04:55,020] {logging_mixin.py:115} INFO - listo comit
[2023-07-27 01:04:55,602] {logging_mixin.py:115} INFO - listo comit
[2023-07-27 01:04:56,119] {logging_mixin.py:115} INFO - listo comit
[2023-07-27 01:04:56,693] {logging_mixin.py:115} INFO - listo comit
[2023-07-27 01:04:57,265] {logging_mixin.py:115} INFO - listo comit
[2023-07-27 01:05:01,705] {logging_mixin.py:115} INFO - listo comit
[2023-07-27 01:05:02,340] {logging_mixin.py:115} INFO - listo comit
[2023-07-27 01:05:02,938] {logging_mixin.py:115} INFO - listo comit
[2023-07-27 01:05:07,622] {logging_mixin.py:115} INFO - listo comit
[2023-07-27 01:05:08,162] {logging_mixin.py:115} INFO - listo comit
[2023-07-27 01:05:08,705] {logging_mixin.py:115} INFO - listo comit
[2023-07-27 01:05:13,488] {logging_mixin.py:115} INFO - listo comit
[2023-07-27 01:05:18,587] {logging_mixin.py:115} INFO - listo comit
[2023-07-27 01:05:19,158] {logging_mixin.py:115} INFO - listo comit
[2023-07-27 01:05:19,692] {logging_mixin.py:115} INFO - listo comit
[2023-07-27 01:05:20,237] {logging_mixin.py:115} INFO - listo comit
[2023-07-27 01:05:20,820] {logging_mixin.py:115} INFO - listo comit
[2023-07-27 01:05:21,396] {logging_mixin.py:115} INFO - listo comit
[2023-07-27 01:05:21,940] {logging_mixin.py:115} INFO - listo comit
[2023-07-27 01:05:22,497] {logging_mixin.py:115} INFO - listo comit
[2023-07-27 01:05:23,073] {logging_mixin.py:115} INFO - listo comit
[2023-07-27 01:05:23,606] {logging_mixin.py:115} INFO - listo comit
[2023-07-27 01:05:24,165] {logging_mixin.py:115} INFO - listo comit
[2023-07-27 01:05:24,800] {logging_mixin.py:115} INFO - listo comit
[2023-07-27 01:05:25,371] {logging_mixin.py:115} INFO - listo comit
[2023-07-27 01:05:25,928] {logging_mixin.py:115} INFO - listo comit
[2023-07-27 01:05:26,528] {logging_mixin.py:115} INFO - listo comit
[2023-07-27 01:05:27,075] {logging_mixin.py:115} INFO - listo comit
[2023-07-27 01:05:27,601] {logging_mixin.py:115} INFO - listo comit
[2023-07-27 01:05:33,003] {logging_mixin.py:115} INFO - listo comit
[2023-07-27 01:05:33,523] {logging_mixin.py:115} INFO - listo comit
[2023-07-27 01:05:34,133] {logging_mixin.py:115} INFO - listo comit
[2023-07-27 01:05:34,696] {logging_mixin.py:115} INFO - listo comit
[2023-07-27 01:05:35,258] {logging_mixin.py:115} INFO - listo comit
[2023-07-27 01:05:35,953] {logging_mixin.py:115} INFO - listo comit
[2023-07-27 01:05:36,516] {logging_mixin.py:115} INFO - listo comit
[2023-07-27 01:05:37,126] {logging_mixin.py:115} INFO - listo comit
[2023-07-27 01:05:37,703] {logging_mixin.py:115} INFO - listo comit
[2023-07-27 01:05:38,256] {logging_mixin.py:115} INFO - listo comit
[2023-07-27 01:05:38,872] {logging_mixin.py:115} INFO - listo comit
[2023-07-27 01:05:39,452] {logging_mixin.py:115} INFO - listo comit
[2023-07-27 01:05:40,088] {logging_mixin.py:115} INFO - listo comit
[2023-07-27 01:05:40,636] {logging_mixin.py:115} INFO - listo comit
[2023-07-27 01:05:45,144] {logging_mixin.py:115} INFO - listo comit
[2023-07-27 01:05:50,944] {logging_mixin.py:115} INFO - listo comit
[2023-07-27 01:05:55,773] {logging_mixin.py:115} INFO - listo comit
[2023-07-27 01:05:56,392] {logging_mixin.py:115} INFO - listo comit
[2023-07-27 01:05:56,968] {logging_mixin.py:115} INFO - listo comit
[2023-07-27 01:06:01,787] {logging_mixin.py:115} INFO - listo comit
[2023-07-27 01:06:02,344] {logging_mixin.py:115} INFO - listo comit
[2023-07-27 01:06:02,892] {logging_mixin.py:115} INFO - listo comit
[2023-07-27 01:06:03,438] {logging_mixin.py:115} INFO - listo comit
[2023-07-27 01:06:04,010] {logging_mixin.py:115} INFO - listo comit
[2023-07-27 01:06:04,811] {logging_mixin.py:115} INFO - listo comit
[2023-07-27 01:06:10,025] {logging_mixin.py:115} INFO - listo comit
[2023-07-27 01:06:10,592] {logging_mixin.py:115} INFO - listo comit
[2023-07-27 01:06:11,216] {logging_mixin.py:115} INFO - listo comit
[2023-07-27 01:06:11,894] {logging_mixin.py:115} INFO - listo comit
[2023-07-27 01:06:12,564] {logging_mixin.py:115} INFO - listo comit
[2023-07-27 01:06:13,182] {logging_mixin.py:115} INFO - listo comit
[2023-07-27 01:06:18,074] {logging_mixin.py:115} INFO - listo comit
[2023-07-27 01:06:22,283] {logging_mixin.py:115} INFO - listo comit
[2023-07-27 01:06:27,599] {logging_mixin.py:115} INFO - listo comit
[2023-07-27 01:06:32,439] {logging_mixin.py:115} INFO - listo comit
[2023-07-27 01:06:32,975] {logging_mixin.py:115} INFO - listo comit
[2023-07-27 01:06:33,528] {logging_mixin.py:115} INFO - listo comit
[2023-07-27 01:06:34,127] {logging_mixin.py:115} INFO - listo comit
[2023-07-27 01:06:34,663] {logging_mixin.py:115} INFO - listo comit
[2023-07-27 01:06:35,222] {logging_mixin.py:115} INFO - listo comit
[2023-07-27 01:06:35,885] {logging_mixin.py:115} INFO - listo comit
[2023-07-27 01:06:36,528] {logging_mixin.py:115} INFO - listo comit
[2023-07-27 01:06:37,150] {logging_mixin.py:115} INFO - listo comit
[2023-07-27 01:06:37,694] {logging_mixin.py:115} INFO - listo comit
[2023-07-27 01:06:38,287] {logging_mixin.py:115} INFO - listo comit
[2023-07-27 01:06:43,575] {logging_mixin.py:115} INFO - listo comit
[2023-07-27 01:06:44,133] {logging_mixin.py:115} INFO - listo comit
[2023-07-27 01:06:49,597] {logging_mixin.py:115} INFO - listo comit
[2023-07-27 01:06:54,002] {logging_mixin.py:115} INFO - listo comit
[2023-07-27 01:06:54,557] {logging_mixin.py:115} INFO - listo comit
[2023-07-27 01:06:55,115] {logging_mixin.py:115} INFO - listo comit
[2023-07-27 01:06:55,641] {logging_mixin.py:115} INFO - listo comit
[2023-07-27 01:06:56,170] {logging_mixin.py:115} INFO - listo comit
[2023-07-27 01:06:56,705] {logging_mixin.py:115} INFO - listo comit
[2023-07-27 01:06:57,327] {logging_mixin.py:115} INFO - listo comit
[2023-07-27 01:06:57,907] {logging_mixin.py:115} INFO - listo comit
[2023-07-27 01:06:58,479] {logging_mixin.py:115} INFO - listo comit
[2023-07-27 01:07:03,457] {logging_mixin.py:115} INFO - listo comit
[2023-07-27 01:07:04,057] {logging_mixin.py:115} INFO - listo comit
[2023-07-27 01:07:04,596] {logging_mixin.py:115} INFO - listo comit
[2023-07-27 01:07:08,849] {logging_mixin.py:115} INFO - listo comit
[2023-07-27 01:07:09,395] {logging_mixin.py:115} INFO - listo comit
[2023-07-27 01:07:09,949] {logging_mixin.py:115} INFO - listo comit
[2023-07-27 01:07:15,149] {logging_mixin.py:115} INFO - listo comit
[2023-07-27 01:07:15,924] {logging_mixin.py:115} INFO - listo comit
[2023-07-27 01:07:16,755] {logging_mixin.py:115} INFO - listo comit
[2023-07-27 01:07:17,472] {logging_mixin.py:115} INFO - listo comit
[2023-07-27 01:07:18,438] {logging_mixin.py:115} INFO - listo comit
[2023-07-27 01:07:19,128] {logging_mixin.py:115} INFO - listo comit
[2023-07-27 01:07:19,872] {logging_mixin.py:115} INFO - listo comit
[2023-07-27 01:07:20,592] {logging_mixin.py:115} INFO - listo comit
[2023-07-27 01:07:21,282] {logging_mixin.py:115} INFO - listo comit
[2023-07-27 01:07:22,366] {logging_mixin.py:115} INFO - listo comit
[2023-07-27 01:07:28,408] {logging_mixin.py:115} INFO - listo comit
[2023-07-27 01:07:29,131] {logging_mixin.py:115} INFO - listo comit
[2023-07-27 01:07:29,800] {logging_mixin.py:115} INFO - listo comit
[2023-07-27 01:07:30,649] {logging_mixin.py:115} INFO - listo comit
[2023-07-27 01:07:31,202] {logging_mixin.py:115} INFO - listo comit
[2023-07-27 01:07:32,023] {logging_mixin.py:115} INFO - listo comit
[2023-07-27 01:07:33,974] {logging_mixin.py:115} INFO - listo comit
[2023-07-27 01:07:35,545] {logging_mixin.py:115} INFO - listo comit
[2023-07-27 01:07:36,222] {logging_mixin.py:115} INFO - listo comit
[2023-07-27 01:07:37,042] {logging_mixin.py:115} INFO - listo comit
[2023-07-27 01:07:37,689] {logging_mixin.py:115} INFO - listo comit
[2023-07-27 01:07:38,321] {logging_mixin.py:115} INFO - listo comit
[2023-07-27 01:07:38,980] {logging_mixin.py:115} INFO - listo comit
[2023-07-27 01:07:39,715] {logging_mixin.py:115} INFO - listo comit
[2023-07-27 01:07:40,574] {logging_mixin.py:115} INFO - listo comit
[2023-07-27 01:07:41,663] {logging_mixin.py:115} INFO - listo comit
[2023-07-27 01:07:42,419] {logging_mixin.py:115} INFO - listo comit
[2023-07-27 01:07:43,257] {logging_mixin.py:115} INFO - listo comit
[2023-07-27 01:07:44,417] {logging_mixin.py:115} INFO - listo comit
[2023-07-27 01:07:45,008] {logging_mixin.py:115} INFO - listo comit
[2023-07-27 01:07:45,556] {logging_mixin.py:115} INFO - listo comit
[2023-07-27 01:07:46,465] {logging_mixin.py:115} INFO - listo comit
[2023-07-27 01:07:47,058] {logging_mixin.py:115} INFO - listo comit
[2023-07-27 01:07:47,617] {logging_mixin.py:115} INFO - listo comit
[2023-07-27 01:07:52,180] {logging_mixin.py:115} INFO - listo comit
[2023-07-27 01:07:52,740] {logging_mixin.py:115} INFO - listo comit
[2023-07-27 01:07:53,337] {logging_mixin.py:115} INFO - listo comit
[2023-07-27 01:07:53,965] {logging_mixin.py:115} INFO - listo comit
[2023-07-27 01:07:54,516] {logging_mixin.py:115} INFO - listo comit
[2023-07-27 01:07:55,044] {logging_mixin.py:115} INFO - listo comit
[2023-07-27 01:07:55,588] {logging_mixin.py:115} INFO - listo comit
[2023-07-27 01:07:56,140] {logging_mixin.py:115} INFO - listo comit
[2023-07-27 01:07:56,690] {logging_mixin.py:115} INFO - listo comit
[2023-07-27 01:07:57,307] {logging_mixin.py:115} INFO - listo comit
[2023-07-27 01:07:57,905] {logging_mixin.py:115} INFO - listo comit
[2023-07-27 01:07:58,505] {logging_mixin.py:115} INFO - listo comit
[2023-07-27 01:07:58,513] {python.py:173} INFO - Done. Returned value was: None
[2023-07-27 01:07:58,537] {taskinstance.py:1420} INFO - Marking task as SUCCESS. dag_id=dag_con_conexion_postgres, task_id=transformar_datos, execution_date=20230727T005931, start_date=20230727T010117, end_date=20230727T010758
[2023-07-27 01:07:58,596] {local_task_job.py:156} INFO - Task exited with return code 0
[2023-07-27 01:07:58,646] {local_task_job.py:273} INFO - 0 downstream tasks scheduled from follow-on schedule check
