[2023-07-28 22:13:51,402] {taskinstance.py:1179} INFO - Dependencies all met for <TaskInstance: dag_etl_paises.crear_tabla_ scheduled__2023-07-14T00:00:00+00:00 [queued]>
[2023-07-28 22:13:51,944] {taskinstance.py:1179} INFO - Dependencies all met for <TaskInstance: dag_etl_paises.crear_tabla_ scheduled__2023-07-14T00:00:00+00:00 [queued]>
[2023-07-28 22:13:51,963] {taskinstance.py:1376} INFO - 
--------------------------------------------------------------------------------
[2023-07-28 22:13:51,969] {taskinstance.py:1377} INFO - Starting attempt 1 of 2
[2023-07-28 22:13:51,971] {taskinstance.py:1378} INFO - 
--------------------------------------------------------------------------------
[2023-07-28 22:13:52,474] {taskinstance.py:1397} INFO - Executing <Task(PostgresOperator): crear_tabla_> on 2023-07-14 00:00:00+00:00
[2023-07-28 22:13:52,575] {standard_task_runner.py:52} INFO - Started process 975 to run task
[2023-07-28 22:13:52,707] {standard_task_runner.py:79} INFO - Running: ['***', 'tasks', 'run', 'dag_etl_paises', 'crear_tabla_', 'scheduled__2023-07-14T00:00:00+00:00', '--job-id', '8', '--raw', '--subdir', 'DAGS_FOLDER/dag_etl_paises.py', '--cfg-path', '/tmp/tmpn_gm3yt8', '--error-file', '/tmp/tmpo_2xe9v9']
[2023-07-28 22:13:52,738] {standard_task_runner.py:80} INFO - Job 8: Subtask crear_tabla_
[2023-07-28 22:13:54,814] {task_command.py:371} INFO - Running <TaskInstance: dag_etl_paises.crear_tabla_ scheduled__2023-07-14T00:00:00+00:00 [running]> on host 42f90387d6b2
[2023-07-28 22:14:00,429] {taskinstance.py:1591} INFO - Exporting the following env vars:
AIRFLOW_CTX_DAG_OWNER=Belenpintor
AIRFLOW_CTX_DAG_ID=dag_etl_paises
AIRFLOW_CTX_TASK_ID=crear_tabla_
AIRFLOW_CTX_EXECUTION_DATE=2023-07-14T00:00:00+00:00
AIRFLOW_CTX_TRY_NUMBER=1
AIRFLOW_CTX_DAG_RUN_ID=scheduled__2023-07-14T00:00:00+00:00
[2023-07-28 22:14:01,091] {base.py:68} INFO - Using connection ID 'redshift_belen' for task execution.
[2023-07-28 22:14:03,419] {local_task_job.py:84} ERROR - Received SIGTERM. Terminating subprocesses
[2023-07-28 22:14:05,126] {process_utils.py:129} INFO - Sending Signals.SIGTERM to group 975. PIDs of all processes in the group: [975]
[2023-07-28 22:14:05,156] {process_utils.py:80} INFO - Sending the signal Signals.SIGTERM to group 975
[2023-07-28 22:14:05,519] {taskinstance.py:1561} ERROR - Received SIGTERM. Terminating subprocesses.
