[2023-07-26 18:43:52,337] {taskinstance.py:1179} INFO - Dependencies all met for <TaskInstance: dag_con_conexion_postgres.transformar_datos manual__2023-07-26T18:43:35.480082+00:00 [queued]>
[2023-07-26 18:43:52,387] {taskinstance.py:1179} INFO - Dependencies all met for <TaskInstance: dag_con_conexion_postgres.transformar_datos manual__2023-07-26T18:43:35.480082+00:00 [queued]>
[2023-07-26 18:43:52,390] {taskinstance.py:1376} INFO - 
--------------------------------------------------------------------------------
[2023-07-26 18:43:52,393] {taskinstance.py:1377} INFO - Starting attempt 1 of 1
[2023-07-26 18:43:52,395] {taskinstance.py:1378} INFO - 
--------------------------------------------------------------------------------
[2023-07-26 18:43:52,470] {taskinstance.py:1397} INFO - Executing <Task(PythonOperator): transformar_datos> on 2023-07-26 18:43:35.480082+00:00
[2023-07-26 18:43:52,484] {standard_task_runner.py:52} INFO - Started process 1450 to run task
[2023-07-26 18:43:52,503] {standard_task_runner.py:79} INFO - Running: ['***', 'tasks', 'run', 'dag_con_conexion_postgres', 'transformar_datos', 'manual__2023-07-26T18:43:35.480082+00:00', '--job-id', '103', '--raw', '--subdir', 'DAGS_FOLDER/dag_etl_paises.py', '--cfg-path', '/tmp/tmpapde6lg0', '--error-file', '/tmp/tmp25cgwz54']
[2023-07-26 18:43:52,508] {standard_task_runner.py:80} INFO - Job 103: Subtask transformar_datos
[2023-07-26 18:43:52,638] {task_command.py:371} INFO - Running <TaskInstance: dag_con_conexion_postgres.transformar_datos manual__2023-07-26T18:43:35.480082+00:00 [running]> on host 484a5a9deba0
[2023-07-26 18:43:52,941] {taskinstance.py:1591} INFO - Exporting the following env vars:
AIRFLOW_CTX_DAG_OWNER=Belenpintor
AIRFLOW_CTX_DAG_ID=dag_con_conexion_postgres
AIRFLOW_CTX_TASK_ID=transformar_datos
AIRFLOW_CTX_EXECUTION_DATE=2023-07-26T18:43:35.480082+00:00
AIRFLOW_CTX_TRY_NUMBER=1
AIRFLOW_CTX_DAG_RUN_ID=manual__2023-07-26T18:43:35.480082+00:00
[2023-07-26 18:45:20,390] {logging_mixin.py:115} INFO - name       ciudad  Housing  ... Outdoors               process_date
0          Aarhus  #f3c32c  ...  #f1351b 2023-07-26 18:45:20.314231
1          Aarhus   6.1315  ...     4.13 2023-07-26 18:45:20.314231
2        Adelaide  #f3c32c  ...  #f1351b 2023-07-26 18:45:20.314231
3        Adelaide   6.3095  ...    5.531 2023-07-26 18:45:20.314231
4     Albuquerque  #f3c32c  ...  #f1351b 2023-07-26 18:45:20.314231
..            ...      ...  ...      ...                        ...
527       Yerevan   9.6945  ...   7.7765 2023-07-26 18:45:20.314231
528        Zagreb  #f3c32c  ...  #f1351b 2023-07-26 18:45:20.314231
529        Zagreb     8.91  ...    4.809 2023-07-26 18:45:20.314231
530        Zurich  #f3c32c  ...  #f1351b 2023-07-26 18:45:20.314231
531        Zurich    1.473  ...    5.401 2023-07-26 18:45:20.314231

[532 rows x 19 columns]
[2023-07-26 18:45:21,610] {taskinstance.py:1909} ERROR - Task failed with exception
Traceback (most recent call last):
  File "/home/airflow/.local/lib/python3.7/site-packages/airflow/operators/python.py", line 171, in execute
    return_value = self.execute_callable()
  File "/home/airflow/.local/lib/python3.7/site-packages/airflow/operators/python.py", line 189, in execute_callable
    return self.python_callable(*self.op_args, **self.op_kwargs)
  File "/opt/airflow/dags/script_etl.py", line 81, in transform_data
    cursor.execute(insert_query, values)
IndexError: list index out of range
[2023-07-26 18:45:21,633] {taskinstance.py:1420} INFO - Marking task as FAILED. dag_id=dag_con_conexion_postgres, task_id=transformar_datos, execution_date=20230726T184335, start_date=20230726T184352, end_date=20230726T184521
[2023-07-26 18:45:21,659] {standard_task_runner.py:97} ERROR - Failed to execute job 103 for task transformar_datos (list index out of range; 1450)
[2023-07-26 18:45:21,690] {local_task_job.py:156} INFO - Task exited with return code 1
[2023-07-26 18:45:21,738] {local_task_job.py:273} INFO - 0 downstream tasks scheduled from follow-on schedule check
