[2023-07-28 23:43:57,870] {taskinstance.py:1179} INFO - Dependencies all met for <TaskInstance: dag_etl_paises.dag_envio_success manual__2023-07-28T23:38:43.137878+00:00 [queued]>
[2023-07-28 23:43:57,900] {taskinstance.py:1179} INFO - Dependencies all met for <TaskInstance: dag_etl_paises.dag_envio_success manual__2023-07-28T23:38:43.137878+00:00 [queued]>
[2023-07-28 23:43:57,903] {taskinstance.py:1376} INFO - 
--------------------------------------------------------------------------------
[2023-07-28 23:43:57,907] {taskinstance.py:1377} INFO - Starting attempt 1 of 2
[2023-07-28 23:43:57,911] {taskinstance.py:1378} INFO - 
--------------------------------------------------------------------------------
[2023-07-28 23:43:57,947] {taskinstance.py:1397} INFO - Executing <Task(PythonOperator): dag_envio_success> on 2023-07-28 23:38:43.137878+00:00
[2023-07-28 23:43:57,962] {standard_task_runner.py:52} INFO - Started process 2136 to run task
[2023-07-28 23:43:57,976] {standard_task_runner.py:79} INFO - Running: ['***', 'tasks', 'run', 'dag_etl_paises', 'dag_envio_success', 'manual__2023-07-28T23:38:43.137878+00:00', '--job-id', '45', '--raw', '--subdir', 'DAGS_FOLDER/dag_etl_paises.py', '--cfg-path', '/tmp/tmpeamgrxgk', '--error-file', '/tmp/tmpii8fda2v']
[2023-07-28 23:43:57,980] {standard_task_runner.py:80} INFO - Job 45: Subtask dag_envio_success
[2023-07-28 23:43:58,119] {task_command.py:371} INFO - Running <TaskInstance: dag_etl_paises.dag_envio_success manual__2023-07-28T23:38:43.137878+00:00 [running]> on host 068a3bc06d1c
[2023-07-28 23:43:58,274] {taskinstance.py:1591} INFO - Exporting the following env vars:
AIRFLOW_CTX_DAG_OWNER=Belenpintor
AIRFLOW_CTX_DAG_ID=dag_etl_paises
AIRFLOW_CTX_TASK_ID=dag_envio_success
AIRFLOW_CTX_EXECUTION_DATE=2023-07-28T23:38:43.137878+00:00
AIRFLOW_CTX_TRY_NUMBER=1
AIRFLOW_CTX_DAG_RUN_ID=manual__2023-07-28T23:38:43.137878+00:00
[2023-07-28 23:44:00,759] {logging_mixin.py:115} INFO - Exito
[2023-07-28 23:44:00,766] {python.py:173} INFO - Done. Returned value was: None
[2023-07-28 23:44:00,794] {taskinstance.py:1420} INFO - Marking task as SUCCESS. dag_id=dag_etl_paises, task_id=dag_envio_success, execution_date=20230728T233843, start_date=20230728T234357, end_date=20230728T234400
[2023-07-28 23:44:00,873] {local_task_job.py:156} INFO - Task exited with return code 0
[2023-07-28 23:44:00,943] {local_task_job.py:273} INFO - 0 downstream tasks scheduled from follow-on schedule check
