[2023-07-29 02:03:52,080] {taskinstance.py:1179} INFO - Dependencies all met for <TaskInstance: dag_etl_paises.verificar_threshold manual__2023-07-29T01:58:34.803527+00:00 [queued]>
[2023-07-29 02:03:52,110] {taskinstance.py:1179} INFO - Dependencies all met for <TaskInstance: dag_etl_paises.verificar_threshold manual__2023-07-29T01:58:34.803527+00:00 [queued]>
[2023-07-29 02:03:52,112] {taskinstance.py:1376} INFO - 
--------------------------------------------------------------------------------
[2023-07-29 02:03:52,118] {taskinstance.py:1377} INFO - Starting attempt 2 of 2
[2023-07-29 02:03:52,122] {taskinstance.py:1378} INFO - 
--------------------------------------------------------------------------------
[2023-07-29 02:03:52,152] {taskinstance.py:1397} INFO - Executing <Task(PythonOperator): verificar_threshold> on 2023-07-29 01:58:34.803527+00:00
[2023-07-29 02:03:52,166] {standard_task_runner.py:52} INFO - Started process 3029 to run task
[2023-07-29 02:03:52,329] {standard_task_runner.py:79} INFO - Running: ['***', 'tasks', 'run', 'dag_etl_paises', 'verificar_threshold', 'manual__2023-07-29T01:58:34.803527+00:00', '--job-id', '77', '--raw', '--subdir', 'DAGS_FOLDER/dag_etl_paises.py', '--cfg-path', '/tmp/tmp38678l7n', '--error-file', '/tmp/tmp2l0n8oxp']
[2023-07-29 02:03:52,430] {standard_task_runner.py:80} INFO - Job 77: Subtask verificar_threshold
[2023-07-29 02:03:53,439] {task_command.py:371} INFO - Running <TaskInstance: dag_etl_paises.verificar_threshold manual__2023-07-29T01:58:34.803527+00:00 [running]> on host 068a3bc06d1c
[2023-07-29 02:03:53,840] {taskinstance.py:1591} INFO - Exporting the following env vars:
AIRFLOW_CTX_DAG_OWNER=Belenpintor
AIRFLOW_CTX_DAG_ID=dag_etl_paises
AIRFLOW_CTX_TASK_ID=verificar_threshold
AIRFLOW_CTX_EXECUTION_DATE=2023-07-29T01:58:34.803527+00:00
AIRFLOW_CTX_TRY_NUMBER=2
AIRFLOW_CTX_DAG_RUN_ID=manual__2023-07-29T01:58:34.803527+00:00
[2023-07-29 02:03:53,878] {taskinstance.py:1909} ERROR - Task failed with exception
Traceback (most recent call last):
  File "/home/airflow/.local/lib/python3.7/site-packages/airflow/operators/python.py", line 171, in execute
    return_value = self.execute_callable()
  File "/home/airflow/.local/lib/python3.7/site-packages/airflow/operators/python.py", line 189, in execute_callable
    return self.python_callable(*self.op_args, **self.op_kwargs)
  File "/opt/airflow/dags/dag_etl_paises.py", line 40, in verificar_threshold
    cursor = connection.cursor()
AttributeError: 'NoneType' object has no attribute 'cursor'
[2023-07-29 02:03:53,917] {taskinstance.py:1420} INFO - Marking task as FAILED. dag_id=dag_etl_paises, task_id=verificar_threshold, execution_date=20230729T015834, start_date=20230729T020352, end_date=20230729T020353
[2023-07-29 02:03:53,948] {standard_task_runner.py:97} ERROR - Failed to execute job 77 for task verificar_threshold ('NoneType' object has no attribute 'cursor'; 3029)
[2023-07-29 02:03:54,012] {local_task_job.py:156} INFO - Task exited with return code 1
[2023-07-29 02:03:54,234] {local_task_job.py:273} INFO - 0 downstream tasks scheduled from follow-on schedule check
