[2023-07-29 02:02:47,708] {taskinstance.py:1179} INFO - Dependencies all met for <TaskInstance: dag_etl_paises.verificar_threshold manual__2023-07-29T01:58:34.803527+00:00 [queued]>
[2023-07-29 02:02:47,760] {taskinstance.py:1179} INFO - Dependencies all met for <TaskInstance: dag_etl_paises.verificar_threshold manual__2023-07-29T01:58:34.803527+00:00 [queued]>
[2023-07-29 02:02:47,766] {taskinstance.py:1376} INFO - 
--------------------------------------------------------------------------------
[2023-07-29 02:02:47,768] {taskinstance.py:1377} INFO - Starting attempt 1 of 2
[2023-07-29 02:02:47,770] {taskinstance.py:1378} INFO - 
--------------------------------------------------------------------------------
[2023-07-29 02:02:47,847] {taskinstance.py:1397} INFO - Executing <Task(PythonOperator): verificar_threshold> on 2023-07-29 01:58:34.803527+00:00
[2023-07-29 02:02:47,879] {standard_task_runner.py:52} INFO - Started process 2954 to run task
[2023-07-29 02:02:48,016] {standard_task_runner.py:79} INFO - Running: ['***', 'tasks', 'run', 'dag_etl_paises', 'verificar_threshold', 'manual__2023-07-29T01:58:34.803527+00:00', '--job-id', '76', '--raw', '--subdir', 'DAGS_FOLDER/dag_etl_paises.py', '--cfg-path', '/tmp/tmp421oj9kv', '--error-file', '/tmp/tmpu6sfmnyr']
[2023-07-29 02:02:48,029] {standard_task_runner.py:80} INFO - Job 76: Subtask verificar_threshold
[2023-07-29 02:02:48,414] {task_command.py:371} INFO - Running <TaskInstance: dag_etl_paises.verificar_threshold manual__2023-07-29T01:58:34.803527+00:00 [running]> on host 068a3bc06d1c
[2023-07-29 02:02:48,762] {taskinstance.py:1591} INFO - Exporting the following env vars:
AIRFLOW_CTX_DAG_OWNER=Belenpintor
AIRFLOW_CTX_DAG_ID=dag_etl_paises
AIRFLOW_CTX_TASK_ID=verificar_threshold
AIRFLOW_CTX_EXECUTION_DATE=2023-07-29T01:58:34.803527+00:00
AIRFLOW_CTX_TRY_NUMBER=1
AIRFLOW_CTX_DAG_RUN_ID=manual__2023-07-29T01:58:34.803527+00:00
[2023-07-29 02:02:48,843] {taskinstance.py:1909} ERROR - Task failed with exception
Traceback (most recent call last):
  File "/home/airflow/.local/lib/python3.7/site-packages/airflow/operators/python.py", line 171, in execute
    return_value = self.execute_callable()
  File "/home/airflow/.local/lib/python3.7/site-packages/airflow/operators/python.py", line 189, in execute_callable
    return self.python_callable(*self.op_args, **self.op_kwargs)
  File "/opt/airflow/dags/dag_etl_paises.py", line 40, in verificar_threshold
    cursor = connection.cursor()
AttributeError: 'NoneType' object has no attribute 'cursor'
[2023-07-29 02:02:48,947] {taskinstance.py:1420} INFO - Marking task as UP_FOR_RETRY. dag_id=dag_etl_paises, task_id=verificar_threshold, execution_date=20230729T015834, start_date=20230729T020247, end_date=20230729T020248
[2023-07-29 02:02:48,995] {standard_task_runner.py:97} ERROR - Failed to execute job 76 for task verificar_threshold ('NoneType' object has no attribute 'cursor'; 2954)
[2023-07-29 02:02:49,049] {local_task_job.py:156} INFO - Task exited with return code 1
[2023-07-29 02:02:49,229] {local_task_job.py:273} INFO - 0 downstream tasks scheduled from follow-on schedule check
