[2023-07-28 22:48:00,978] {taskinstance.py:1179} INFO - Dependencies all met for <TaskInstance: dag_etl_paises.crear_tabla_ scheduled__2023-07-21T00:00:00+00:00 [queued]>
[2023-07-28 22:48:01,158] {taskinstance.py:1179} INFO - Dependencies all met for <TaskInstance: dag_etl_paises.crear_tabla_ scheduled__2023-07-21T00:00:00+00:00 [queued]>
[2023-07-28 22:48:01,161] {taskinstance.py:1376} INFO - 
--------------------------------------------------------------------------------
[2023-07-28 22:48:01,167] {taskinstance.py:1377} INFO - Starting attempt 1 of 2
[2023-07-28 22:48:01,172] {taskinstance.py:1378} INFO - 
--------------------------------------------------------------------------------
[2023-07-28 22:48:01,419] {taskinstance.py:1397} INFO - Executing <Task(PostgresOperator): crear_tabla_> on 2023-07-21 00:00:00+00:00
[2023-07-28 22:48:01,494] {standard_task_runner.py:52} INFO - Started process 394 to run task
[2023-07-28 22:48:01,735] {standard_task_runner.py:79} INFO - Running: ['***', 'tasks', 'run', 'dag_etl_paises', 'crear_tabla_', 'scheduled__2023-07-21T00:00:00+00:00', '--job-id', '12', '--raw', '--subdir', 'DAGS_FOLDER/dag_etl_paises.py', '--cfg-path', '/tmp/tmp04yc1sv8', '--error-file', '/tmp/tmphefbzqxm']
[2023-07-28 22:48:01,808] {standard_task_runner.py:80} INFO - Job 12: Subtask crear_tabla_
[2023-07-28 22:48:03,465] {task_command.py:371} INFO - Running <TaskInstance: dag_etl_paises.crear_tabla_ scheduled__2023-07-21T00:00:00+00:00 [running]> on host 24fcae152ca2
[2023-07-28 22:48:05,969] {taskinstance.py:1591} INFO - Exporting the following env vars:
AIRFLOW_CTX_DAG_OWNER=Belenpintor
AIRFLOW_CTX_DAG_ID=dag_etl_paises
AIRFLOW_CTX_TASK_ID=crear_tabla_
AIRFLOW_CTX_EXECUTION_DATE=2023-07-21T00:00:00+00:00
AIRFLOW_CTX_TRY_NUMBER=1
AIRFLOW_CTX_DAG_RUN_ID=scheduled__2023-07-21T00:00:00+00:00
[2023-07-28 22:48:06,269] {base.py:68} INFO - Using connection ID 'redshift_belen' for task execution.
[2023-07-28 22:48:07,648] {dbapi.py:231} INFO - Running statement: 
CREATE TABLE IF NOT EXISTS bapintor_coderhouse.ciudades (
    city VARCHAR PRIMARY KEY,
    "Housing" DECIMAL(10, 2),
    "Cost of Living" DECIMAL(10, 2),
    "Startups" DECIMAL(10, 2),
    "Venture Capital" DECIMAL(10, 2),
    "Travel Connectivity" DECIMAL(10, 2),
    "Commute" DECIMAL(10, 2),
    "Business Freedom" DECIMAL(10, 2),
    "Safety" DECIMAL(10, 2),
    "Healthcare" DECIMAL(10, 2),
    "Education" DECIMAL(10, 2),
    "Environmental Quality" DECIMAL(10, 2),
    "Economy" DECIMAL(10, 2),
    "Taxation" DECIMAL(10, 2),
    "Internet Access" DECIMAL(10, 2),
    "Leisure & Culture" DECIMAL(10, 2),
    "Tolerance" DECIMAL(10, 2),
    "Outdoors" DECIMAL(10, 2),
    "process_date" DATETIME DISTKEY
);, parameters: None
[2023-07-28 22:48:07,834] {postgres.py:94} INFO - INFO:  Relation "ciudades" already exists and will be skipped

[2023-07-28 22:48:08,106] {taskinstance.py:1420} INFO - Marking task as SUCCESS. dag_id=dag_etl_paises, task_id=crear_tabla_, execution_date=20230721T000000, start_date=20230728T224800, end_date=20230728T224808
[2023-07-28 22:48:08,594] {local_task_job.py:156} INFO - Task exited with return code 0
[2023-07-28 22:48:09,177] {local_task_job.py:273} INFO - 1 downstream tasks scheduled from follow-on schedule check
