[2023-07-29 00:03:37,755] {taskinstance.py:1179} INFO - Dependencies all met for <TaskInstance: dag_etl_paises.enviar_fallo scheduled__2023-07-28T00:00:00+00:00 [queued]>
[2023-07-29 00:03:37,810] {taskinstance.py:1179} INFO - Dependencies all met for <TaskInstance: dag_etl_paises.enviar_fallo scheduled__2023-07-28T00:00:00+00:00 [queued]>
[2023-07-29 00:03:37,814] {taskinstance.py:1376} INFO - 
--------------------------------------------------------------------------------
[2023-07-29 00:03:37,820] {taskinstance.py:1377} INFO - Starting attempt 1 of 2
[2023-07-29 00:03:37,822] {taskinstance.py:1378} INFO - 
--------------------------------------------------------------------------------
[2023-07-29 00:03:37,906] {taskinstance.py:1397} INFO - Executing <Task(PythonOperator): enviar_fallo> on 2023-07-28 00:00:00+00:00
[2023-07-29 00:03:37,928] {standard_task_runner.py:52} INFO - Started process 2255 to run task
[2023-07-29 00:03:37,954] {standard_task_runner.py:79} INFO - Running: ['***', 'tasks', 'run', 'dag_etl_paises', 'enviar_fallo', 'scheduled__2023-07-28T00:00:00+00:00', '--job-id', '47', '--raw', '--subdir', 'DAGS_FOLDER/dag_etl_paises.py', '--cfg-path', '/tmp/tmpzs_v2m9e', '--error-file', '/tmp/tmpxekx3gnk']
[2023-07-29 00:03:37,967] {standard_task_runner.py:80} INFO - Job 47: Subtask enviar_fallo
[2023-07-29 00:03:38,354] {task_command.py:371} INFO - Running <TaskInstance: dag_etl_paises.enviar_fallo scheduled__2023-07-28T00:00:00+00:00 [running]> on host 068a3bc06d1c
[2023-07-29 00:03:38,760] {taskinstance.py:1591} INFO - Exporting the following env vars:
AIRFLOW_CTX_DAG_OWNER=Belenpintor
AIRFLOW_CTX_DAG_ID=dag_etl_paises
AIRFLOW_CTX_TASK_ID=enviar_fallo
AIRFLOW_CTX_EXECUTION_DATE=2023-07-28T00:00:00+00:00
AIRFLOW_CTX_TRY_NUMBER=1
AIRFLOW_CTX_DAG_RUN_ID=scheduled__2023-07-28T00:00:00+00:00
[2023-07-29 00:03:43,342] {logging_mixin.py:115} INFO - Exito
[2023-07-29 00:03:43,345] {python.py:173} INFO - Done. Returned value was: None
[2023-07-29 00:03:43,426] {taskinstance.py:1420} INFO - Marking task as SUCCESS. dag_id=dag_etl_paises, task_id=enviar_fallo, execution_date=20230728T000000, start_date=20230729T000337, end_date=20230729T000343
[2023-07-29 00:03:43,551] {local_task_job.py:156} INFO - Task exited with return code 0
[2023-07-29 00:03:43,680] {local_task_job.py:273} INFO - 0 downstream tasks scheduled from follow-on schedule check
