[2023-07-26 23:11:05,841] {taskinstance.py:1179} INFO - Dependencies all met for <TaskInstance: dag_con_conexion_postgres.transformar_datos manual__2023-07-26T23:08:12.604937+00:00 [queued]>
[2023-07-26 23:11:05,914] {taskinstance.py:1179} INFO - Dependencies all met for <TaskInstance: dag_con_conexion_postgres.transformar_datos manual__2023-07-26T23:08:12.604937+00:00 [queued]>
[2023-07-26 23:11:05,917] {taskinstance.py:1376} INFO - 
--------------------------------------------------------------------------------
[2023-07-26 23:11:05,919] {taskinstance.py:1377} INFO - Starting attempt 1 of 1
[2023-07-26 23:11:05,920] {taskinstance.py:1378} INFO - 
--------------------------------------------------------------------------------
[2023-07-26 23:11:05,989] {taskinstance.py:1397} INFO - Executing <Task(PythonOperator): transformar_datos> on 2023-07-26 23:08:12.604937+00:00
[2023-07-26 23:11:06,016] {standard_task_runner.py:52} INFO - Started process 3537 to run task
[2023-07-26 23:11:06,047] {standard_task_runner.py:79} INFO - Running: ['***', 'tasks', 'run', 'dag_con_conexion_postgres', 'transformar_datos', 'manual__2023-07-26T23:08:12.604937+00:00', '--job-id', '117', '--raw', '--subdir', 'DAGS_FOLDER/dag_etl_paises.py', '--cfg-path', '/tmp/tmp0gmifjra', '--error-file', '/tmp/tmp_jrep21p']
[2023-07-26 23:11:06,055] {standard_task_runner.py:80} INFO - Job 117: Subtask transformar_datos
[2023-07-26 23:11:06,483] {task_command.py:371} INFO - Running <TaskInstance: dag_con_conexion_postgres.transformar_datos manual__2023-07-26T23:08:12.604937+00:00 [running]> on host 484a5a9deba0
[2023-07-26 23:11:07,200] {taskinstance.py:1591} INFO - Exporting the following env vars:
AIRFLOW_CTX_DAG_OWNER=Belenpintor
AIRFLOW_CTX_DAG_ID=dag_con_conexion_postgres
AIRFLOW_CTX_TASK_ID=transformar_datos
AIRFLOW_CTX_EXECUTION_DATE=2023-07-26T23:08:12.604937+00:00
AIRFLOW_CTX_TRY_NUMBER=1
AIRFLOW_CTX_DAG_RUN_ID=manual__2023-07-26T23:08:12.604937+00:00
[2023-07-26 23:11:07,204] {taskinstance.py:1909} ERROR - Task failed with exception
Traceback (most recent call last):
  File "/home/airflow/.local/lib/python3.7/site-packages/airflow/operators/python.py", line 171, in execute
    return_value = self.execute_callable()
  File "/home/airflow/.local/lib/python3.7/site-packages/airflow/operators/python.py", line 189, in execute_callable
    return self.python_callable(*self.op_args, **self.op_kwargs)
  File "/opt/airflow/dags/script_etl.py", line 64, in transform_data
    json_ciudad=ciudad.value()
AttributeError: 'dict' object has no attribute 'value'
[2023-07-26 23:11:07,251] {taskinstance.py:1420} INFO - Marking task as FAILED. dag_id=dag_con_conexion_postgres, task_id=transformar_datos, execution_date=20230726T230812, start_date=20230726T231105, end_date=20230726T231107
[2023-07-26 23:11:07,301] {standard_task_runner.py:97} ERROR - Failed to execute job 117 for task transformar_datos ('dict' object has no attribute 'value'; 3537)
[2023-07-26 23:11:07,361] {local_task_job.py:156} INFO - Task exited with return code 1
[2023-07-26 23:11:07,479] {local_task_job.py:273} INFO - 0 downstream tasks scheduled from follow-on schedule check
