[2023-07-13 17:03:14,706] {taskinstance.py:1179} INFO - Dependencies all met for <TaskInstance: dag_con_conexion_postgres.cargar_datos scheduled__2023-07-09T00:00:00+00:00 [queued]>
[2023-07-13 17:03:14,818] {taskinstance.py:1179} INFO - Dependencies all met for <TaskInstance: dag_con_conexion_postgres.cargar_datos scheduled__2023-07-09T00:00:00+00:00 [queued]>
[2023-07-13 17:03:14,828] {taskinstance.py:1376} INFO - 
--------------------------------------------------------------------------------
[2023-07-13 17:03:14,831] {taskinstance.py:1377} INFO - Starting attempt 1 of 1
[2023-07-13 17:03:14,836] {taskinstance.py:1378} INFO - 
--------------------------------------------------------------------------------
[2023-07-13 17:03:15,165] {taskinstance.py:1397} INFO - Executing <Task(PythonOperator): cargar_datos> on 2023-07-09 00:00:00+00:00
[2023-07-13 17:03:15,268] {standard_task_runner.py:52} INFO - Started process 933 to run task
[2023-07-13 17:03:15,388] {standard_task_runner.py:79} INFO - Running: ['***', 'tasks', 'run', 'dag_con_conexion_postgres', 'cargar_datos', 'scheduled__2023-07-09T00:00:00+00:00', '--job-id', '37', '--raw', '--subdir', 'DAGS_FOLDER/dag_etl_paises.py', '--cfg-path', '/tmp/tmpm7i0cgi9', '--error-file', '/tmp/tmp_yrw3i51']
[2023-07-13 17:03:15,395] {standard_task_runner.py:80} INFO - Job 37: Subtask cargar_datos
[2023-07-13 17:03:16,337] {task_command.py:371} INFO - Running <TaskInstance: dag_con_conexion_postgres.cargar_datos scheduled__2023-07-09T00:00:00+00:00 [running]> on host bd4a51b00e09
[2023-07-13 17:03:17,500] {taskinstance.py:1591} INFO - Exporting the following env vars:
AIRFLOW_CTX_DAG_OWNER=Belenpintor
AIRFLOW_CTX_DAG_ID=dag_con_conexion_postgres
AIRFLOW_CTX_TASK_ID=cargar_datos
AIRFLOW_CTX_EXECUTION_DATE=2023-07-09T00:00:00+00:00
AIRFLOW_CTX_TRY_NUMBER=1
AIRFLOW_CTX_DAG_RUN_ID=scheduled__2023-07-09T00:00:00+00:00
[2023-07-13 17:03:17,521] {logging_mixin.py:115} INFO - creando conexion
[2023-07-13 17:03:24,987] {script_etl.py:20} INFO - DB_USER probando usuario 2: bapintor_coderhouse
[2023-07-13 17:03:25,030] {logging_mixin.py:115} INFO - usuario probando 2 bapintor_coderhouse
