[2023-07-28 01:54:17,264] {taskinstance.py:1179} INFO - Dependencies all met for <TaskInstance: dag_con_conexion_postgres.dag_envio_success manual__2023-07-28T01:49:44.688820+00:00 [queued]>
[2023-07-28 01:54:17,289] {taskinstance.py:1179} INFO - Dependencies all met for <TaskInstance: dag_con_conexion_postgres.dag_envio_success manual__2023-07-28T01:49:44.688820+00:00 [queued]>
[2023-07-28 01:54:17,296] {taskinstance.py:1376} INFO - 
--------------------------------------------------------------------------------
[2023-07-28 01:54:17,298] {taskinstance.py:1377} INFO - Starting attempt 1 of 2
[2023-07-28 01:54:17,300] {taskinstance.py:1378} INFO - 
--------------------------------------------------------------------------------
[2023-07-28 01:54:17,329] {taskinstance.py:1397} INFO - Executing <Task(PythonOperator): dag_envio_success> on 2023-07-28 01:49:44.688820+00:00
[2023-07-28 01:54:17,337] {standard_task_runner.py:52} INFO - Started process 689 to run task
[2023-07-28 01:54:17,347] {standard_task_runner.py:79} INFO - Running: ['***', 'tasks', 'run', 'dag_con_conexion_postgres', 'dag_envio_success', 'manual__2023-07-28T01:49:44.688820+00:00', '--job-id', '177', '--raw', '--subdir', 'DAGS_FOLDER/dag_etl_paises.py', '--cfg-path', '/tmp/tmphm3czs9r', '--error-file', '/tmp/tmp3mt2wayv']
[2023-07-28 01:54:17,351] {standard_task_runner.py:80} INFO - Job 177: Subtask dag_envio_success
[2023-07-28 01:54:17,493] {task_command.py:371} INFO - Running <TaskInstance: dag_con_conexion_postgres.dag_envio_success manual__2023-07-28T01:49:44.688820+00:00 [running]> on host 4bed4cd30000
[2023-07-28 01:54:17,663] {taskinstance.py:1591} INFO - Exporting the following env vars:
AIRFLOW_CTX_DAG_OWNER=Belenpintor
AIRFLOW_CTX_DAG_ID=dag_con_conexion_postgres
AIRFLOW_CTX_TASK_ID=dag_envio_success
AIRFLOW_CTX_EXECUTION_DATE=2023-07-28T01:49:44.688820+00:00
AIRFLOW_CTX_TRY_NUMBER=1
AIRFLOW_CTX_DAG_RUN_ID=manual__2023-07-28T01:49:44.688820+00:00
[2023-07-28 01:54:21,091] {logging_mixin.py:115} INFO - Exito
[2023-07-28 01:54:21,096] {python.py:173} INFO - Done. Returned value was: None
[2023-07-28 01:54:21,123] {taskinstance.py:1420} INFO - Marking task as SUCCESS. dag_id=dag_con_conexion_postgres, task_id=dag_envio_success, execution_date=20230728T014944, start_date=20230728T015417, end_date=20230728T015421
[2023-07-28 01:54:21,197] {local_task_job.py:156} INFO - Task exited with return code 0
[2023-07-28 01:54:21,255] {local_task_job.py:273} INFO - 0 downstream tasks scheduled from follow-on schedule check
