[2023-07-28 22:13:42,278] {taskinstance.py:1179} INFO - Dependencies all met for <TaskInstance: dag_etl_paises.crear_tabla_ scheduled__2023-07-12T00:00:00+00:00 [queued]>
[2023-07-28 22:13:42,763] {taskinstance.py:1179} INFO - Dependencies all met for <TaskInstance: dag_etl_paises.crear_tabla_ scheduled__2023-07-12T00:00:00+00:00 [queued]>
[2023-07-28 22:13:42,778] {taskinstance.py:1376} INFO - 
--------------------------------------------------------------------------------
[2023-07-28 22:13:42,794] {taskinstance.py:1377} INFO - Starting attempt 1 of 2
[2023-07-28 22:13:42,803] {taskinstance.py:1378} INFO - 
--------------------------------------------------------------------------------
[2023-07-28 22:13:45,362] {taskinstance.py:1397} INFO - Executing <Task(PostgresOperator): crear_tabla_> on 2023-07-12 00:00:00+00:00
[2023-07-28 22:13:45,685] {standard_task_runner.py:52} INFO - Started process 967 to run task
[2023-07-28 22:13:46,080] {standard_task_runner.py:79} INFO - Running: ['***', 'tasks', 'run', 'dag_etl_paises', 'crear_tabla_', 'scheduled__2023-07-12T00:00:00+00:00', '--job-id', '6', '--raw', '--subdir', 'DAGS_FOLDER/dag_etl_paises.py', '--cfg-path', '/tmp/tmp96zfbjm8', '--error-file', '/tmp/tmpcrc3amnf']
[2023-07-28 22:13:46,115] {standard_task_runner.py:80} INFO - Job 6: Subtask crear_tabla_
[2023-07-28 22:13:48,801] {task_command.py:371} INFO - Running <TaskInstance: dag_etl_paises.crear_tabla_ scheduled__2023-07-12T00:00:00+00:00 [running]> on host 42f90387d6b2
[2023-07-28 22:13:51,770] {taskinstance.py:1591} INFO - Exporting the following env vars:
AIRFLOW_CTX_DAG_OWNER=Belenpintor
AIRFLOW_CTX_DAG_ID=dag_etl_paises
AIRFLOW_CTX_TASK_ID=crear_tabla_
AIRFLOW_CTX_EXECUTION_DATE=2023-07-12T00:00:00+00:00
AIRFLOW_CTX_TRY_NUMBER=1
AIRFLOW_CTX_DAG_RUN_ID=scheduled__2023-07-12T00:00:00+00:00
[2023-07-28 22:13:52,034] {base.py:68} INFO - Using connection ID 'redshift_belen' for task execution.
[2023-07-28 22:13:53,145] {dbapi.py:231} INFO - Running statement: 
CREATE TABLE IF NOT EXISTS bapintor_coderhouse.ciudades (
    city VARCHAR PRIMARY KEY,
    "Housing" DECIMAL(10, 2),
    "Cost of Living" DECIMAL(10, 2),
    "Startups" DECIMAL(10, 2),
    "Venture Capital" DECIMAL(10, 2),
    "Travel Connectivity" DECIMAL(10, 2),
    "Commute" DECIMAL(10, 2),
    "Business Freedom" DECIMAL(10, 2),
    "Safety" DECIMAL(10, 2),
    "Healthcare" DECIMAL(10, 2),
    "Education" DECIMAL(10, 2),
    "Environmental Quality" DECIMAL(10, 2),
    "Economy" DECIMAL(10, 2),
    "Taxation" DECIMAL(10, 2),
    "Internet Access" DECIMAL(10, 2),
    "Leisure & Culture" DECIMAL(10, 2),
    "Tolerance" DECIMAL(10, 2),
    "Outdoors" DECIMAL(10, 2),
    "process_date" DATETIME DISTKEY
);, parameters: None
[2023-07-28 22:13:53,353] {postgres.py:94} INFO - INFO:  Relation "ciudades" already exists and will be skipped

[2023-07-28 22:13:56,466] {taskinstance.py:1420} INFO - Marking task as SUCCESS. dag_id=dag_etl_paises, task_id=crear_tabla_, execution_date=20230712T000000, start_date=20230728T221342, end_date=20230728T221356
[2023-07-28 22:13:57,563] {local_task_job.py:156} INFO - Task exited with return code 0
[2023-07-28 22:14:06,027] {local_task_job.py:84} ERROR - Received SIGTERM. Terminating subprocesses
[2023-07-28 22:14:06,199] {local_task_job.py:156} INFO - Task exited with return code 143
[2023-07-28 22:14:09,621] {local_task_job.py:273} INFO - 1 downstream tasks scheduled from follow-on schedule check
