[2023-07-27 00:05:44,121] {taskinstance.py:1179} INFO - Dependencies all met for <TaskInstance: dag_con_conexion_postgres.transformar_datos manual__2023-07-27T00:04:52.717832+00:00 [queued]>
[2023-07-27 00:05:44,140] {taskinstance.py:1179} INFO - Dependencies all met for <TaskInstance: dag_con_conexion_postgres.transformar_datos manual__2023-07-27T00:04:52.717832+00:00 [queued]>
[2023-07-27 00:05:44,142] {taskinstance.py:1376} INFO - 
--------------------------------------------------------------------------------
[2023-07-27 00:05:44,143] {taskinstance.py:1377} INFO - Starting attempt 1 of 1
[2023-07-27 00:05:44,145] {taskinstance.py:1378} INFO - 
--------------------------------------------------------------------------------
[2023-07-27 00:05:44,173] {taskinstance.py:1397} INFO - Executing <Task(PythonOperator): transformar_datos> on 2023-07-27 00:04:52.717832+00:00
[2023-07-27 00:05:44,183] {standard_task_runner.py:52} INFO - Started process 5266 to run task
[2023-07-27 00:05:44,195] {standard_task_runner.py:79} INFO - Running: ['***', 'tasks', 'run', 'dag_con_conexion_postgres', 'transformar_datos', 'manual__2023-07-27T00:04:52.717832+00:00', '--job-id', '142', '--raw', '--subdir', 'DAGS_FOLDER/dag_etl_paises.py', '--cfg-path', '/tmp/tmpbtrxmh91', '--error-file', '/tmp/tmp5185e5_n']
[2023-07-27 00:05:44,199] {standard_task_runner.py:80} INFO - Job 142: Subtask transformar_datos
[2023-07-27 00:05:44,903] {task_command.py:371} INFO - Running <TaskInstance: dag_con_conexion_postgres.transformar_datos manual__2023-07-27T00:04:52.717832+00:00 [running]> on host 484a5a9deba0
[2023-07-27 00:05:45,944] {taskinstance.py:1591} INFO - Exporting the following env vars:
AIRFLOW_CTX_DAG_OWNER=Belenpintor
AIRFLOW_CTX_DAG_ID=dag_con_conexion_postgres
AIRFLOW_CTX_TASK_ID=transformar_datos
AIRFLOW_CTX_EXECUTION_DATE=2023-07-27T00:04:52.717832+00:00
AIRFLOW_CTX_TRY_NUMBER=1
AIRFLOW_CTX_DAG_RUN_ID=manual__2023-07-27T00:04:52.717832+00:00
[2023-07-27 00:05:46,084] {logging_mixin.py:115} INFO - asi el dataframe nombre         Business Freedom  ...               process_date
ciudad_nombre                    ...                           
Aarhus                 9.940000  ... 2023-07-27 00:05:45.998346
Adelaide               9.399667  ... 2023-07-27 00:05:45.998346
Albuquerque            8.671000  ... 2023-07-27 00:05:45.998346
Almaty                 5.568000  ... 2023-07-27 00:05:45.998346
Amsterdam              8.836667  ... 2023-07-27 00:05:45.998346
...                         ...  ...                        ...
Winnipeg               8.966000  ... 2023-07-27 00:05:45.998346
Wroclaw                5.704333  ... 2023-07-27 00:05:45.998346
Yerevan                6.501000  ... 2023-07-27 00:05:45.998346
Zagreb                 5.720333  ... 2023-07-27 00:05:45.998346
Zurich                 8.888000  ... 2023-07-27 00:05:45.998346

[266 rows x 18 columns]
[2023-07-27 00:05:47,306] {taskinstance.py:1909} ERROR - Task failed with exception
Traceback (most recent call last):
  File "/home/airflow/.local/lib/python3.7/site-packages/airflow/operators/python.py", line 171, in execute
    return_value = self.execute_callable()
  File "/home/airflow/.local/lib/python3.7/site-packages/airflow/operators/python.py", line 189, in execute_callable
    return self.python_callable(*self.op_args, **self.op_kwargs)
  File "/opt/airflow/dags/script_etl.py", line 117, in transform_data
IndexError: list index out of range
[2023-07-27 00:05:47,361] {taskinstance.py:1420} INFO - Marking task as FAILED. dag_id=dag_con_conexion_postgres, task_id=transformar_datos, execution_date=20230727T000452, start_date=20230727T000544, end_date=20230727T000547
[2023-07-27 00:05:47,429] {standard_task_runner.py:97} ERROR - Failed to execute job 142 for task transformar_datos (list index out of range; 5266)
[2023-07-27 00:05:47,481] {local_task_job.py:156} INFO - Task exited with return code 1
[2023-07-27 00:05:47,567] {local_task_job.py:273} INFO - 0 downstream tasks scheduled from follow-on schedule check
