[2023-07-25 21:52:05,646] {taskinstance.py:1179} INFO - Dependencies all met for <TaskInstance: dag_con_conexion_postgres.crear_tabla manual__2023-07-25T21:52:02.442276+00:00 [queued]>
[2023-07-25 21:52:05,671] {taskinstance.py:1179} INFO - Dependencies all met for <TaskInstance: dag_con_conexion_postgres.crear_tabla manual__2023-07-25T21:52:02.442276+00:00 [queued]>
[2023-07-25 21:52:05,673] {taskinstance.py:1376} INFO - 
--------------------------------------------------------------------------------
[2023-07-25 21:52:05,675] {taskinstance.py:1377} INFO - Starting attempt 1 of 1
[2023-07-25 21:52:05,678] {taskinstance.py:1378} INFO - 
--------------------------------------------------------------------------------
[2023-07-25 21:52:05,711] {taskinstance.py:1397} INFO - Executing <Task(PythonOperator): crear_tabla> on 2023-07-25 21:52:02.442276+00:00
[2023-07-25 21:52:05,719] {standard_task_runner.py:52} INFO - Started process 461 to run task
[2023-07-25 21:52:05,729] {standard_task_runner.py:79} INFO - Running: ['***', 'tasks', 'run', 'dag_con_conexion_postgres', 'crear_tabla', 'manual__2023-07-25T21:52:02.442276+00:00', '--job-id', '19', '--raw', '--subdir', 'DAGS_FOLDER/dag_etl_paises.py', '--cfg-path', '/tmp/tmpuwysrp9q', '--error-file', '/tmp/tmpo_1s3bhu']
[2023-07-25 21:52:05,731] {standard_task_runner.py:80} INFO - Job 19: Subtask crear_tabla
[2023-07-25 21:52:05,927] {task_command.py:371} INFO - Running <TaskInstance: dag_con_conexion_postgres.crear_tabla manual__2023-07-25T21:52:02.442276+00:00 [running]> on host fef34475f162
[2023-07-25 21:52:06,390] {taskinstance.py:1591} INFO - Exporting the following env vars:
AIRFLOW_CTX_DAG_OWNER=Belenpintor
AIRFLOW_CTX_DAG_ID=dag_con_conexion_postgres
AIRFLOW_CTX_TASK_ID=crear_tabla
AIRFLOW_CTX_EXECUTION_DATE=2023-07-25T21:52:02.442276+00:00
AIRFLOW_CTX_TRY_NUMBER=1
AIRFLOW_CTX_DAG_RUN_ID=manual__2023-07-25T21:52:02.442276+00:00
[2023-07-25 21:52:06,393] {logging_mixin.py:115} INFO - creando conexion
[2023-07-25 21:52:06,758] {script_etl.py:20} INFO - DB_USER probando usuario 2: bapintor_coderhouse
[2023-07-25 21:52:06,763] {logging_mixin.py:115} INFO - usuario probando 2 bapintor_coderhouse
[2023-07-25 21:52:07,890] {logging_mixin.py:115} INFO - Conexión exitosa a la base de datos
[2023-07-25 21:52:08,337] {python.py:173} INFO - Done. Returned value was: None
[2023-07-25 21:52:08,370] {taskinstance.py:1420} INFO - Marking task as SUCCESS. dag_id=dag_con_conexion_postgres, task_id=crear_tabla, execution_date=20230725T215202, start_date=20230725T215205, end_date=20230725T215208
[2023-07-25 21:52:08,433] {local_task_job.py:156} INFO - Task exited with return code 0
[2023-07-25 21:52:08,565] {local_task_job.py:273} INFO - 1 downstream tasks scheduled from follow-on schedule check
