[2023-07-26 17:26:57,658] {taskinstance.py:1179} INFO - Dependencies all met for <TaskInstance: dag_con_conexion_postgres.transformar_datos manual__2023-07-26T17:26:32.042994+00:00 [queued]>
[2023-07-26 17:26:57,685] {taskinstance.py:1179} INFO - Dependencies all met for <TaskInstance: dag_con_conexion_postgres.transformar_datos manual__2023-07-26T17:26:32.042994+00:00 [queued]>
[2023-07-26 17:26:57,687] {taskinstance.py:1376} INFO - 
--------------------------------------------------------------------------------
[2023-07-26 17:26:57,690] {taskinstance.py:1377} INFO - Starting attempt 1 of 1
[2023-07-26 17:26:57,692] {taskinstance.py:1378} INFO - 
--------------------------------------------------------------------------------
[2023-07-26 17:26:57,734] {taskinstance.py:1397} INFO - Executing <Task(PythonOperator): transformar_datos> on 2023-07-26 17:26:32.042994+00:00
[2023-07-26 17:26:57,746] {standard_task_runner.py:52} INFO - Started process 258 to run task
[2023-07-26 17:26:57,763] {standard_task_runner.py:79} INFO - Running: ['***', 'tasks', 'run', 'dag_con_conexion_postgres', 'transformar_datos', 'manual__2023-07-26T17:26:32.042994+00:00', '--job-id', '87', '--raw', '--subdir', 'DAGS_FOLDER/dag_etl_paises.py', '--cfg-path', '/tmp/tmp1wm8wyng', '--error-file', '/tmp/tmp3x2a90um']
[2023-07-26 17:26:57,769] {standard_task_runner.py:80} INFO - Job 87: Subtask transformar_datos
[2023-07-26 17:26:58,159] {task_command.py:371} INFO - Running <TaskInstance: dag_con_conexion_postgres.transformar_datos manual__2023-07-26T17:26:32.042994+00:00 [running]> on host 484a5a9deba0
[2023-07-26 17:26:58,590] {taskinstance.py:1591} INFO - Exporting the following env vars:
AIRFLOW_CTX_DAG_OWNER=Belenpintor
AIRFLOW_CTX_DAG_ID=dag_con_conexion_postgres
AIRFLOW_CTX_TASK_ID=transformar_datos
AIRFLOW_CTX_EXECUTION_DATE=2023-07-26T17:26:32.042994+00:00
AIRFLOW_CTX_TRY_NUMBER=1
AIRFLOW_CTX_DAG_RUN_ID=manual__2023-07-26T17:26:32.042994+00:00
[2023-07-26 17:26:58,600] {taskinstance.py:1909} ERROR - Task failed with exception
Traceback (most recent call last):
  File "/home/airflow/.local/lib/python3.7/site-packages/airflow/operators/python.py", line 171, in execute
    return_value = self.execute_callable()
  File "/home/airflow/.local/lib/python3.7/site-packages/airflow/operators/python.py", line 189, in execute_callable
    return self.python_callable(*self.op_args, **self.op_kwargs)
TypeError: transform_data() missing 1 required positional argument: 'data'
[2023-07-26 17:26:58,644] {taskinstance.py:1420} INFO - Marking task as FAILED. dag_id=dag_con_conexion_postgres, task_id=transformar_datos, execution_date=20230726T172632, start_date=20230726T172657, end_date=20230726T172658
[2023-07-26 17:26:58,724] {standard_task_runner.py:97} ERROR - Failed to execute job 87 for task transformar_datos (transform_data() missing 1 required positional argument: 'data'; 258)
[2023-07-26 17:26:58,877] {local_task_job.py:156} INFO - Task exited with return code 1
[2023-07-26 17:26:59,274] {local_task_job.py:273} INFO - 0 downstream tasks scheduled from follow-on schedule check
