[2023-07-28 23:26:46,203] {taskinstance.py:1179} INFO - Dependencies all met for <TaskInstance: dag_etl_paises.enviar_fallo manual__2023-07-28T23:26:40.613382+00:00 [queued]>
[2023-07-28 23:26:46,265] {taskinstance.py:1179} INFO - Dependencies all met for <TaskInstance: dag_etl_paises.enviar_fallo manual__2023-07-28T23:26:40.613382+00:00 [queued]>
[2023-07-28 23:26:46,268] {taskinstance.py:1376} INFO - 
--------------------------------------------------------------------------------
[2023-07-28 23:26:46,271] {taskinstance.py:1377} INFO - Starting attempt 1 of 2
[2023-07-28 23:26:46,279] {taskinstance.py:1378} INFO - 
--------------------------------------------------------------------------------
[2023-07-28 23:26:46,381] {taskinstance.py:1397} INFO - Executing <Task(PythonOperator): enviar_fallo> on 2023-07-28 23:26:40.613382+00:00
[2023-07-28 23:26:46,404] {standard_task_runner.py:52} INFO - Started process 1076 to run task
[2023-07-28 23:26:46,427] {standard_task_runner.py:79} INFO - Running: ['***', 'tasks', 'run', 'dag_etl_paises', 'enviar_fallo', 'manual__2023-07-28T23:26:40.613382+00:00', '--job-id', '34', '--raw', '--subdir', 'DAGS_FOLDER/dag_etl_paises.py', '--cfg-path', '/tmp/tmpk0x6tmwa', '--error-file', '/tmp/tmplhc7xbrz']
[2023-07-28 23:26:46,437] {standard_task_runner.py:80} INFO - Job 34: Subtask enviar_fallo
[2023-07-28 23:26:47,164] {task_command.py:371} INFO - Running <TaskInstance: dag_etl_paises.enviar_fallo manual__2023-07-28T23:26:40.613382+00:00 [running]> on host 068a3bc06d1c
[2023-07-28 23:26:48,118] {taskinstance.py:1591} INFO - Exporting the following env vars:
AIRFLOW_CTX_DAG_OWNER=Belenpintor
AIRFLOW_CTX_DAG_ID=dag_etl_paises
AIRFLOW_CTX_TASK_ID=enviar_fallo
AIRFLOW_CTX_EXECUTION_DATE=2023-07-28T23:26:40.613382+00:00
AIRFLOW_CTX_TRY_NUMBER=1
AIRFLOW_CTX_DAG_RUN_ID=manual__2023-07-28T23:26:40.613382+00:00
[2023-07-28 23:26:48,206] {logging_mixin.py:115} INFO - [Errno -2] Name or service not known
[2023-07-28 23:26:48,210] {logging_mixin.py:115} INFO - Failure
[2023-07-28 23:26:48,212] {taskinstance.py:1909} ERROR - Task failed with exception
Traceback (most recent call last):
  File "/home/airflow/.local/lib/python3.7/site-packages/airflow/operators/python.py", line 171, in execute
    return_value = self.execute_callable()
  File "/home/airflow/.local/lib/python3.7/site-packages/airflow/operators/python.py", line 189, in execute_callable
    return self.python_callable(*self.op_args, **self.op_kwargs)
  File "/opt/airflow/dags/script_etl.py", line 116, in enviar_fallo
    raise exception
  File "/opt/airflow/dags/script_etl.py", line 105, in enviar_fallo
    x=smtplib.SMTP(Variable.get("SMTP_HOST"),Variable.get("SMTP_PORT"))
  File "/usr/local/lib/python3.7/smtplib.py", line 251, in __init__
    (code, msg) = self.connect(host, port)
  File "/usr/local/lib/python3.7/smtplib.py", line 336, in connect
    self.sock = self._get_socket(host, port, self.timeout)
  File "/usr/local/lib/python3.7/smtplib.py", line 307, in _get_socket
    self.source_address)
  File "/usr/local/lib/python3.7/socket.py", line 707, in create_connection
    for res in getaddrinfo(host, port, 0, SOCK_STREAM):
  File "/usr/local/lib/python3.7/socket.py", line 752, in getaddrinfo
    for res in _socket.getaddrinfo(host, port, family, type, proto, flags):
socket.gaierror: [Errno -2] Name or service not known
[2023-07-28 23:26:48,261] {taskinstance.py:1420} INFO - Marking task as UP_FOR_RETRY. dag_id=dag_etl_paises, task_id=enviar_fallo, execution_date=20230728T232640, start_date=20230728T232646, end_date=20230728T232648
[2023-07-28 23:26:48,348] {standard_task_runner.py:97} ERROR - Failed to execute job 34 for task enviar_fallo ([Errno -2] Name or service not known; 1076)
[2023-07-28 23:26:48,452] {local_task_job.py:156} INFO - Task exited with return code 1
[2023-07-28 23:26:48,646] {local_task_job.py:273} INFO - 0 downstream tasks scheduled from follow-on schedule check
