[2023-07-27 00:42:41,236] {taskinstance.py:1179} INFO - Dependencies all met for <TaskInstance: dag_con_conexion_postgres.transformar_datos manual__2023-07-27T00:40:50.515691+00:00 [queued]>
[2023-07-27 00:42:41,252] {taskinstance.py:1179} INFO - Dependencies all met for <TaskInstance: dag_con_conexion_postgres.transformar_datos manual__2023-07-27T00:40:50.515691+00:00 [queued]>
[2023-07-27 00:42:41,254] {taskinstance.py:1376} INFO - 
--------------------------------------------------------------------------------
[2023-07-27 00:42:41,257] {taskinstance.py:1377} INFO - Starting attempt 1 of 1
[2023-07-27 00:42:41,259] {taskinstance.py:1378} INFO - 
--------------------------------------------------------------------------------
[2023-07-27 00:42:41,289] {taskinstance.py:1397} INFO - Executing <Task(PythonOperator): transformar_datos> on 2023-07-27 00:40:50.515691+00:00
[2023-07-27 00:42:41,297] {standard_task_runner.py:52} INFO - Started process 6472 to run task
[2023-07-27 00:42:41,307] {standard_task_runner.py:79} INFO - Running: ['***', 'tasks', 'run', 'dag_con_conexion_postgres', 'transformar_datos', 'manual__2023-07-27T00:40:50.515691+00:00', '--job-id', '160', '--raw', '--subdir', 'DAGS_FOLDER/dag_etl_paises.py', '--cfg-path', '/tmp/tmp3qzbaii2', '--error-file', '/tmp/tmpznflcnmc']
[2023-07-27 00:42:41,311] {standard_task_runner.py:80} INFO - Job 160: Subtask transformar_datos
[2023-07-27 00:42:41,451] {task_command.py:371} INFO - Running <TaskInstance: dag_con_conexion_postgres.transformar_datos manual__2023-07-27T00:40:50.515691+00:00 [running]> on host 484a5a9deba0
[2023-07-27 00:42:41,722] {taskinstance.py:1591} INFO - Exporting the following env vars:
AIRFLOW_CTX_DAG_OWNER=Belenpintor
AIRFLOW_CTX_DAG_ID=dag_con_conexion_postgres
AIRFLOW_CTX_TASK_ID=transformar_datos
AIRFLOW_CTX_EXECUTION_DATE=2023-07-27T00:40:50.515691+00:00
AIRFLOW_CTX_TRY_NUMBER=1
AIRFLOW_CTX_DAG_RUN_ID=manual__2023-07-27T00:40:50.515691+00:00
[2023-07-27 00:42:41,973] {logging_mixin.py:115} INFO - asi el dataframe nombre         Business Freedom  ...               process_date
ciudad_nombre                    ...                           
Aarhus                 9.940000  ... 2023-07-27 00:42:41.873808
Adelaide               9.399667  ... 2023-07-27 00:42:41.873808
Albuquerque            8.671000  ... 2023-07-27 00:42:41.873808
Almaty                 5.568000  ... 2023-07-27 00:42:41.873808
Amsterdam              8.836667  ... 2023-07-27 00:42:41.873808
...                         ...  ...                        ...
Winnipeg               8.966000  ... 2023-07-27 00:42:41.873808
Wroclaw                5.704333  ... 2023-07-27 00:42:41.873808
Yerevan                6.501000  ... 2023-07-27 00:42:41.873808
Zagreb                 5.720333  ... 2023-07-27 00:42:41.873808
Zurich                 8.888000  ... 2023-07-27 00:42:41.873808

[266 rows x 18 columns]
[2023-07-27 00:42:43,125] {taskinstance.py:1909} ERROR - Task failed with exception
Traceback (most recent call last):
  File "/home/airflow/.local/lib/python3.7/site-packages/airflow/operators/python.py", line 171, in execute
    return_value = self.execute_callable()
  File "/home/airflow/.local/lib/python3.7/site-packages/airflow/operators/python.py", line 189, in execute_callable
    return self.python_callable(*self.op_args, **self.op_kwargs)
  File "/opt/airflow/dags/script_etl.py", line 88, in transform_data
    cursor.execute(insert_query_with_columns, [index] + values)
TypeError: not all arguments converted during string formatting
[2023-07-27 00:42:43,326] {taskinstance.py:1420} INFO - Marking task as FAILED. dag_id=dag_con_conexion_postgres, task_id=transformar_datos, execution_date=20230727T004050, start_date=20230727T004241, end_date=20230727T004243
[2023-07-27 00:42:43,385] {standard_task_runner.py:97} ERROR - Failed to execute job 160 for task transformar_datos (not all arguments converted during string formatting; 6472)
[2023-07-27 00:42:43,438] {local_task_job.py:156} INFO - Task exited with return code 1
[2023-07-27 00:42:43,494] {local_task_job.py:273} INFO - 0 downstream tasks scheduled from follow-on schedule check
