[2023-07-27 00:19:22,943] {taskinstance.py:1179} INFO - Dependencies all met for <TaskInstance: dag_con_conexion_postgres.transformar_datos manual__2023-07-27T00:17:41.608138+00:00 [queued]>
[2023-07-27 00:19:22,967] {taskinstance.py:1179} INFO - Dependencies all met for <TaskInstance: dag_con_conexion_postgres.transformar_datos manual__2023-07-27T00:17:41.608138+00:00 [queued]>
[2023-07-27 00:19:22,969] {taskinstance.py:1376} INFO - 
--------------------------------------------------------------------------------
[2023-07-27 00:19:22,971] {taskinstance.py:1377} INFO - Starting attempt 1 of 1
[2023-07-27 00:19:22,973] {taskinstance.py:1378} INFO - 
--------------------------------------------------------------------------------
[2023-07-27 00:19:23,060] {taskinstance.py:1397} INFO - Executing <Task(PythonOperator): transformar_datos> on 2023-07-27 00:17:41.608138+00:00
[2023-07-27 00:19:23,072] {standard_task_runner.py:52} INFO - Started process 5707 to run task
[2023-07-27 00:19:23,089] {standard_task_runner.py:79} INFO - Running: ['***', 'tasks', 'run', 'dag_con_conexion_postgres', 'transformar_datos', 'manual__2023-07-27T00:17:41.608138+00:00', '--job-id', '151', '--raw', '--subdir', 'DAGS_FOLDER/dag_etl_paises.py', '--cfg-path', '/tmp/tmpg_7vzyqe', '--error-file', '/tmp/tmp1pw8xej_']
[2023-07-27 00:19:23,102] {standard_task_runner.py:80} INFO - Job 151: Subtask transformar_datos
[2023-07-27 00:19:23,444] {task_command.py:371} INFO - Running <TaskInstance: dag_con_conexion_postgres.transformar_datos manual__2023-07-27T00:17:41.608138+00:00 [running]> on host 484a5a9deba0
[2023-07-27 00:19:23,780] {taskinstance.py:1591} INFO - Exporting the following env vars:
AIRFLOW_CTX_DAG_OWNER=Belenpintor
AIRFLOW_CTX_DAG_ID=dag_con_conexion_postgres
AIRFLOW_CTX_TASK_ID=transformar_datos
AIRFLOW_CTX_EXECUTION_DATE=2023-07-27T00:17:41.608138+00:00
AIRFLOW_CTX_TRY_NUMBER=1
AIRFLOW_CTX_DAG_RUN_ID=manual__2023-07-27T00:17:41.608138+00:00
[2023-07-27 00:19:23,859] {logging_mixin.py:115} INFO - asi el dataframe nombre         Business Freedom  ...               process_date
ciudad_nombre                    ...                           
Aarhus                 9.940000  ... 2023-07-27 00:19:23.819170
Adelaide               9.399667  ... 2023-07-27 00:19:23.819170
Albuquerque            8.671000  ... 2023-07-27 00:19:23.819170
Almaty                 5.568000  ... 2023-07-27 00:19:23.819170
Amsterdam              8.836667  ... 2023-07-27 00:19:23.819170
...                         ...  ...                        ...
Winnipeg               8.966000  ... 2023-07-27 00:19:23.819170
Wroclaw                5.704333  ... 2023-07-27 00:19:23.819170
Yerevan                6.501000  ... 2023-07-27 00:19:23.819170
Zagreb                 5.720333  ... 2023-07-27 00:19:23.819170
Zurich                 8.888000  ... 2023-07-27 00:19:23.819170

[266 rows x 18 columns]
[2023-07-27 00:19:25,363] {taskinstance.py:1909} ERROR - Task failed with exception
Traceback (most recent call last):
  File "/home/airflow/.local/lib/python3.7/site-packages/airflow/operators/python.py", line 171, in execute
    return_value = self.execute_callable()
  File "/home/airflow/.local/lib/python3.7/site-packages/airflow/operators/python.py", line 189, in execute_callable
    return self.python_callable(*self.op_args, **self.op_kwargs)
  File "/opt/airflow/dags/script_etl.py", line 91, in transform_data
    cursor.execute(insert_query_with_columns, record.tolist())
psycopg2.errors.UndefinedFunction: function to_timestamp(bigint) does not exist
HINT:  No function matches the given name and argument types. You may need to add explicit type casts.

[2023-07-27 00:19:25,384] {taskinstance.py:1420} INFO - Marking task as FAILED. dag_id=dag_con_conexion_postgres, task_id=transformar_datos, execution_date=20230727T001741, start_date=20230727T001922, end_date=20230727T001925
[2023-07-27 00:19:25,411] {standard_task_runner.py:97} ERROR - Failed to execute job 151 for task transformar_datos (function to_timestamp(bigint) does not exist
HINT:  No function matches the given name and argument types. You may need to add explicit type casts.
; 5707)
[2023-07-27 00:19:25,479] {local_task_job.py:156} INFO - Task exited with return code 1
[2023-07-27 00:19:25,558] {local_task_job.py:273} INFO - 0 downstream tasks scheduled from follow-on schedule check
