[2023-07-27 00:51:19,584] {taskinstance.py:1179} INFO - Dependencies all met for <TaskInstance: dag_con_conexion_postgres.crear_tabla_ manual__2023-07-27T00:51:04.753856+00:00 [queued]>
[2023-07-27 00:51:19,610] {taskinstance.py:1179} INFO - Dependencies all met for <TaskInstance: dag_con_conexion_postgres.crear_tabla_ manual__2023-07-27T00:51:04.753856+00:00 [queued]>
[2023-07-27 00:51:19,611] {taskinstance.py:1376} INFO - 
--------------------------------------------------------------------------------
[2023-07-27 00:51:19,618] {taskinstance.py:1377} INFO - Starting attempt 1 of 1
[2023-07-27 00:51:19,620] {taskinstance.py:1378} INFO - 
--------------------------------------------------------------------------------
[2023-07-27 00:51:19,664] {taskinstance.py:1397} INFO - Executing <Task(PostgresOperator): crear_tabla_> on 2023-07-27 00:51:04.753856+00:00
[2023-07-27 00:51:19,680] {standard_task_runner.py:52} INFO - Started process 6745 to run task
[2023-07-27 00:51:19,703] {standard_task_runner.py:79} INFO - Running: ['***', 'tasks', 'run', 'dag_con_conexion_postgres', 'crear_tabla_', 'manual__2023-07-27T00:51:04.753856+00:00', '--job-id', '161', '--raw', '--subdir', 'DAGS_FOLDER/dag_etl_paises.py', '--cfg-path', '/tmp/tmpfzxcgn3f', '--error-file', '/tmp/tmp8l3o7vw1']
[2023-07-27 00:51:19,709] {standard_task_runner.py:80} INFO - Job 161: Subtask crear_tabla_
[2023-07-27 00:51:19,935] {task_command.py:371} INFO - Running <TaskInstance: dag_con_conexion_postgres.crear_tabla_ manual__2023-07-27T00:51:04.753856+00:00 [running]> on host 484a5a9deba0
[2023-07-27 00:51:20,616] {taskinstance.py:1591} INFO - Exporting the following env vars:
AIRFLOW_CTX_DAG_OWNER=Belenpintor
AIRFLOW_CTX_DAG_ID=dag_con_conexion_postgres
AIRFLOW_CTX_TASK_ID=crear_tabla_
AIRFLOW_CTX_EXECUTION_DATE=2023-07-27T00:51:04.753856+00:00
AIRFLOW_CTX_TRY_NUMBER=1
AIRFLOW_CTX_DAG_RUN_ID=manual__2023-07-27T00:51:04.753856+00:00
[2023-07-27 00:51:20,712] {base.py:68} INFO - Using connection ID 'redshift_belen' for task execution.
[2023-07-27 00:51:22,146] {dbapi.py:231} INFO - Running statement: 
CREATE TABLE IF NOT EXISTS bapintor_coderhouse.ciudades (
    city VARCHAR PRIMARY KEY,
    "Housing" DECIMAL(10, 2),
    "Cost of Living" DECIMAL(10, 2),
    "Startups" DECIMAL(10, 2),
    "Venture Capital" DECIMAL(10, 2),
    "Travel Connectivity" DECIMAL(10, 2),
    "Commute" DECIMAL(10, 2),
    "Business Freedom" DECIMAL(10, 2),
    "Safety" DECIMAL(10, 2),
    "Healthcare" DECIMAL(10, 2),
    "Education" DECIMAL(10, 2),
    "Environmental Quality" DECIMAL(10, 2),
    "Economy" DECIMAL(10, 2),
    "Taxation" DECIMAL(10, 2),
    "Internet Access" DECIMAL(10, 2),
    "Leisure & Culture" DECIMAL(10, 2),
    "Tolerance" DECIMAL(10, 2),
    "Outdoors" DECIMAL(10, 2),
    "process_date" DATETIME DISTKEY
);, parameters: None
[2023-07-27 00:51:22,400] {taskinstance.py:1420} INFO - Marking task as SUCCESS. dag_id=dag_con_conexion_postgres, task_id=crear_tabla_, execution_date=20230727T005104, start_date=20230727T005119, end_date=20230727T005122
[2023-07-27 00:51:22,477] {local_task_job.py:156} INFO - Task exited with return code 0
[2023-07-27 00:51:22,636] {local_task_job.py:273} INFO - 1 downstream tasks scheduled from follow-on schedule check
